\\depot.engr.oregonstate.edu\users\morgamat\windows.documents\desktop\sv_term_project\opengl_project\debug\vc143.pdb
\\depot.engr.oregonstate.edu\users\morgamat\windows.documents\desktop\sv_term_project\opengl_project\debug\vc143.idb
\\depot.engr.oregonstate.edu\users\morgamat\windows.documents\desktop\sv_term_project\opengl_project\debug\trackball.obj
\\depot.engr.oregonstate.edu\users\morgamat\windows.documents\desktop\sv_term_project\opengl_project\debug\tmatrix.obj
\\depot.engr.oregonstate.edu\users\morgamat\windows.documents\desktop\sv_term_project\opengl_project\debug\contour_and_crit_point.obj
\\depot.engr.oregonstate.edu\users\morgamat\windows.documents\desktop\sv_term_project\opengl_project\debug\color_and_height_transform.obj
\\depot.engr.oregonstate.edu\users\morgamat\windows.documents\desktop\sv_term_project\opengl_project\debug\polyhedron.obj
\\depot.engr.oregonstate.edu\users\morgamat\windows.documents\desktop\sv_term_project\opengl_project\debug\ply.obj
\\depot.engr.oregonstate.edu\users\morgamat\windows.documents\desktop\sv_term_project\opengl_project\debug\polyline.obj
\\depot.engr.oregonstate.edu\users\morgamat\windows.documents\desktop\sv_term_project\opengl_project\debug\learnply.obj
\\depot.engr.oregonstate.edu\users\morgamat\windows.documents\desktop\sv_term_project\opengl_project\debug\gradient_descent.obj
\\depot.engr.oregonstate.edu\users\morgamat\windows.documents\desktop\sv_term_project\opengl_project\debug\learnply.exe
\\depot.engr.oregonstate.edu\users\morgamat\windows.documents\desktop\sv_term_project\opengl_project\debug\learnply.pdb
\\depot.engr.oregonstate.edu\users\morgamat\windows.documents\desktop\sv_term_project\opengl_project\debug\..\debug\learnply.pdb
\\depot.engr.oregonstate.edu\users\morgamat\windows.documents\desktop\sv_term_project\opengl_project\debug\..\debug\learnply.vcxproj.filelistabsolute.txt
\\depot.engr.oregonstate.edu\users\morgamat\windows.documents\desktop\sv_term_project\opengl_project\debug\learnply.tlog\cl.command.1.tlog
\\depot.engr.oregonstate.edu\users\morgamat\windows.documents\desktop\sv_term_project\opengl_project\debug\learnply.tlog\cl.read.1.tlog
\\depot.engr.oregonstate.edu\users\morgamat\windows.documents\desktop\sv_term_project\opengl_project\debug\learnply.tlog\cl.write.1.tlog
\\depot.engr.oregonstate.edu\users\morgamat\windows.documents\desktop\sv_term_project\opengl_project\debug\learnply.tlog\link.command.1.tlog
\\depot.engr.oregonstate.edu\users\morgamat\windows.documents\desktop\sv_term_project\opengl_project\debug\learnply.tlog\link.read.1.tlog
\\depot.engr.oregonstate.edu\users\morgamat\windows.documents\desktop\sv_term_project\opengl_project\debug\learnply.tlog\link.write.1.tlog
