  learnply.cpp
\\depot.engr.oregonstate.edu\users\morgamat\Windows.Documents\Desktop\sv_term_project\opengl_project\learnply\drawUtil.h(56,14): warning C4244: 'argument': conversion from 'double' to 'GLfloat', possible loss of data
\\depot.engr.oregonstate.edu\users\morgamat\Windows.Documents\Desktop\sv_term_project\opengl_project\learnply\drawUtil.h(60,45): warning C4244: 'argument': conversion from 'double' to 'GLfloat', possible loss of data
\\depot.engr.oregonstate.edu\users\morgamat\Windows.Documents\Desktop\sv_term_project\opengl_project\learnply\drawUtil.h(60,33): warning C4244: 'argument': conversion from 'double' to 'GLfloat', possible loss of data
\\depot.engr.oregonstate.edu\users\morgamat\Windows.Documents\Desktop\sv_term_project\opengl_project\learnply\drawUtil.h(60,21): warning C4244: 'argument': conversion from 'double' to 'GLfloat', possible loss of data
\\depot.engr.oregonstate.edu\users\morgamat\Windows.Documents\Desktop\sv_term_project\opengl_project\learnply\drawUtil.h(61,39): warning C4244: 'argument': conversion from 'double' to 'GLfloat', possible loss of data
\\depot.engr.oregonstate.edu\users\morgamat\Windows.Documents\Desktop\sv_term_project\opengl_project\learnply\drawUtil.h(61,29): warning C4244: 'argument': conversion from 'double' to 'GLfloat', possible loss of data
\\depot.engr.oregonstate.edu\users\morgamat\Windows.Documents\Desktop\sv_term_project\opengl_project\learnply\drawUtil.h(61,19): warning C4244: 'argument': conversion from 'double' to 'GLfloat', possible loss of data
\\depot.engr.oregonstate.edu\users\morgamat\Windows.Documents\Desktop\sv_term_project\opengl_project\learnply\drawUtil.h(75,14): warning C4244: 'argument': conversion from 'double' to 'GLfloat', possible loss of data
\\depot.engr.oregonstate.edu\users\morgamat\Windows.Documents\Desktop\sv_term_project\opengl_project\learnply\drawUtil.h(80,20): warning C4018: '<': signed/unsigned mismatch
\\depot.engr.oregonstate.edu\users\morgamat\Windows.Documents\Desktop\sv_term_project\opengl_project\learnply\drawUtil.h(82,55): warning C4244: 'argument': conversion from 'double' to 'GLfloat', possible loss of data
\\depot.engr.oregonstate.edu\users\morgamat\Windows.Documents\Desktop\sv_term_project\opengl_project\learnply\drawUtil.h(82,40): warning C4244: 'argument': conversion from 'double' to 'GLfloat', possible loss of data
\\depot.engr.oregonstate.edu\users\morgamat\Windows.Documents\Desktop\sv_term_project\opengl_project\learnply\drawUtil.h(82,25): warning C4244: 'argument': conversion from 'double' to 'GLfloat', possible loss of data
\\depot.engr.oregonstate.edu\users\morgamat\Windows.Documents\Desktop\sv_term_project\opengl_project\learnply\drawUtil.h(83,49): warning C4244: 'argument': conversion from 'double' to 'GLfloat', possible loss of data
\\depot.engr.oregonstate.edu\users\morgamat\Windows.Documents\Desktop\sv_term_project\opengl_project\learnply\drawUtil.h(83,36): warning C4244: 'argument': conversion from 'double' to 'GLfloat', possible loss of data
\\depot.engr.oregonstate.edu\users\morgamat\Windows.Documents\Desktop\sv_term_project\opengl_project\learnply\drawUtil.h(83,23): warning C4244: 'argument': conversion from 'double' to 'GLfloat', possible loss of data
\\depot.engr.oregonstate.edu\users\morgamat\Windows.Documents\Desktop\sv_term_project\opengl_project\learnply\learnply.cpp(41,28): warning C4305: 'initializing': truncation from 'double' to 'float'
\\depot.engr.oregonstate.edu\users\morgamat\Windows.Documents\Desktop\sv_term_project\opengl_project\learnply\learnply.cpp(44,19): warning C4244: 'initializing': conversion from 'int' to 'float', possible loss of data
\\depot.engr.oregonstate.edu\users\morgamat\Windows.Documents\Desktop\sv_term_project\opengl_project\learnply\learnply.cpp(72,12): warning C4244: 'initializing': conversion from 'double' to 'float', possible loss of data
\\depot.engr.oregonstate.edu\users\morgamat\Windows.Documents\Desktop\sv_term_project\opengl_project\learnply\learnply.cpp(73,12): warning C4244: 'initializing': conversion from 'double' to 'float', possible loss of data
\\depot.engr.oregonstate.edu\users\morgamat\Windows.Documents\Desktop\sv_term_project\opengl_project\learnply\learnply.cpp(114,20): warning C4996: 'fopen': This function or variable may be unsafe. Consider using fopen_s instead. To disable deprecation, use _CRT_SECURE_NO_WARNINGS. See online help for details.
\\depot.engr.oregonstate.edu\users\morgamat\Windows.Documents\Desktop\sv_term_project\opengl_project\learnply\learnply.cpp(162,50): warning C4305: 'initializing': truncation from 'double' to 'GLfloat'
\\depot.engr.oregonstate.edu\users\morgamat\Windows.Documents\Desktop\sv_term_project\opengl_project\learnply\learnply.cpp(163,50): warning C4305: 'initializing': truncation from 'double' to 'GLfloat'
\\depot.engr.oregonstate.edu\users\morgamat\Windows.Documents\Desktop\sv_term_project\opengl_project\learnply\learnply.cpp(203,26): warning C4305: '=': truncation from 'double' to 'GLfloat'
\\depot.engr.oregonstate.edu\users\morgamat\Windows.Documents\Desktop\sv_term_project\opengl_project\learnply\learnply.cpp(215,44): warning C4244: 'argument': conversion from 'double' to 'GLfloat', possible loss of data
\\depot.engr.oregonstate.edu\users\morgamat\Windows.Documents\Desktop\sv_term_project\opengl_project\learnply\learnply.cpp(215,28): warning C4244: 'argument': conversion from 'double' to 'GLfloat', possible loss of data
\\depot.engr.oregonstate.edu\users\morgamat\Windows.Documents\Desktop\sv_term_project\opengl_project\learnply\learnply.cpp(230,55): warning C4244: 'argument': conversion from 'double' to 'GLfloat', possible loss of data
\\depot.engr.oregonstate.edu\users\morgamat\Windows.Documents\Desktop\sv_term_project\opengl_project\learnply\learnply.cpp(230,35): warning C4244: 'argument': conversion from 'double' to 'GLfloat', possible loss of data
\\depot.engr.oregonstate.edu\users\morgamat\Windows.Documents\Desktop\sv_term_project\opengl_project\learnply\learnply.cpp(230,15): warning C4244: 'argument': conversion from 'double' to 'GLfloat', possible loss of data
\\depot.engr.oregonstate.edu\users\morgamat\Windows.Documents\Desktop\sv_term_project\opengl_project\learnply\learnply.cpp(231,63): warning C4244: 'argument': conversion from 'double' to 'GLfloat', possible loss of data
\\depot.engr.oregonstate.edu\users\morgamat\Windows.Documents\Desktop\sv_term_project\opengl_project\learnply\learnply.cpp(231,39): warning C4244: 'argument': conversion from 'double' to 'GLfloat', possible loss of data
\\depot.engr.oregonstate.edu\users\morgamat\Windows.Documents\Desktop\sv_term_project\opengl_project\learnply\learnply.cpp(231,15): warning C4244: 'argument': conversion from 'double' to 'GLfloat', possible loss of data
\\depot.engr.oregonstate.edu\users\morgamat\Windows.Documents\Desktop\sv_term_project\opengl_project\learnply\learnply.cpp(270,19): warning C4244: '=': conversion from 'double' to 'float', possible loss of data
\\depot.engr.oregonstate.edu\users\morgamat\Windows.Documents\Desktop\sv_term_project\opengl_project\learnply\learnply.cpp(271,15): warning C4244: '=': conversion from 'double' to 'float', possible loss of data
\\depot.engr.oregonstate.edu\users\morgamat\Windows.Documents\Desktop\sv_term_project\opengl_project\learnply\learnply.cpp(276,12): warning C4101: 'k': unreferenced local variable
\\depot.engr.oregonstate.edu\users\morgamat\Windows.Documents\Desktop\sv_term_project\opengl_project\learnply\learnply.cpp(311,16): warning C4018: '<': signed/unsigned mismatch
\\depot.engr.oregonstate.edu\users\morgamat\Windows.Documents\Desktop\sv_term_project\opengl_project\learnply\learnply.cpp(353,16): warning C4018: '<': signed/unsigned mismatch
\\depot.engr.oregonstate.edu\users\morgamat\Windows.Documents\Desktop\sv_term_project\opengl_project\learnply\learnply.cpp(344,10): warning C4101: 'mat_diffuse': unreferenced local variable
\\depot.engr.oregonstate.edu\users\morgamat\Windows.Documents\Desktop\sv_term_project\opengl_project\learnply\learnply.cpp(402,45): warning C4244: 'argument': conversion from 'double' to 'GLfloat', possible loss of data
\\depot.engr.oregonstate.edu\users\morgamat\Windows.Documents\Desktop\sv_term_project\opengl_project\learnply\learnply.cpp(402,34): warning C4244: 'argument': conversion from 'double' to 'GLfloat', possible loss of data
\\depot.engr.oregonstate.edu\users\morgamat\Windows.Documents\Desktop\sv_term_project\opengl_project\learnply\learnply.cpp(402,23): warning C4244: 'argument': conversion from 'double' to 'GLfloat', possible loss of data
\\depot.engr.oregonstate.edu\users\morgamat\Windows.Documents\Desktop\sv_term_project\opengl_project\learnply\learnply.cpp(428,15): warning C4101: 'i': unreferenced local variable
\\depot.engr.oregonstate.edu\users\morgamat\Windows.Documents\Desktop\sv_term_project\opengl_project\learnply\learnply.cpp(489,44): warning C4244: 'argument': conversion from 'double' to 'GLfloat', possible loss of data
\\depot.engr.oregonstate.edu\users\morgamat\Windows.Documents\Desktop\sv_term_project\opengl_project\learnply\learnply.cpp(489,33): warning C4244: 'argument': conversion from 'double' to 'GLfloat', possible loss of data
\\depot.engr.oregonstate.edu\users\morgamat\Windows.Documents\Desktop\sv_term_project\opengl_project\learnply\learnply.cpp(489,22): warning C4244: 'argument': conversion from 'double' to 'GLfloat', possible loss of data
\\depot.engr.oregonstate.edu\users\morgamat\Windows.Documents\Desktop\sv_term_project\opengl_project\learnply\learnply.cpp(505,6): warning C4101: 'i': unreferenced local variable
\\depot.engr.oregonstate.edu\users\morgamat\Windows.Documents\Desktop\sv_term_project\opengl_project\learnply\learnply.cpp(717,28): warning C4244: '=': conversion from 'double' to 'float', possible loss of data
\\depot.engr.oregonstate.edu\users\morgamat\Windows.Documents\Desktop\sv_term_project\opengl_project\learnply\learnply.cpp(718,44): warning C4244: '=': conversion from 'double' to 'float', possible loss of data
\\depot.engr.oregonstate.edu\users\morgamat\Windows.Documents\Desktop\sv_term_project\opengl_project\learnply\learnply.cpp(766,12): warning C4244: 'initializing': conversion from 'double' to 'float', possible loss of data
\\depot.engr.oregonstate.edu\users\morgamat\Windows.Documents\Desktop\sv_term_project\opengl_project\learnply\learnply.cpp(767,12): warning C4244: 'initializing': conversion from 'double' to 'float', possible loss of data
\\depot.engr.oregonstate.edu\users\morgamat\Windows.Documents\Desktop\sv_term_project\opengl_project\learnply\learnply.cpp(963,13): warning C4244: 'initializing': conversion from 'double' to 'float', possible loss of data
\\depot.engr.oregonstate.edu\users\morgamat\Windows.Documents\Desktop\sv_term_project\opengl_project\learnply\learnply.cpp(964,13): warning C4244: 'initializing': conversion from 'double' to 'float', possible loss of data
\\depot.engr.oregonstate.edu\users\morgamat\Windows.Documents\Desktop\sv_term_project\opengl_project\learnply\learnply.cpp(1021,21): warning C4244: 'argument': conversion from 'double' to 'GLfloat', possible loss of data
\\depot.engr.oregonstate.edu\users\morgamat\Windows.Documents\Desktop\sv_term_project\opengl_project\learnply\learnply.cpp(1021,17): warning C4244: 'argument': conversion from 'double' to 'GLfloat', possible loss of data
\\depot.engr.oregonstate.edu\users\morgamat\Windows.Documents\Desktop\sv_term_project\opengl_project\learnply\learnply.cpp(1055,20): warning C4018: '<': signed/unsigned mismatch
\\depot.engr.oregonstate.edu\users\morgamat\Windows.Documents\Desktop\sv_term_project\opengl_project\learnply\learnply.cpp(1059,79): warning C4244: 'argument': conversion from 'double' to 'float', possible loss of data
\\depot.engr.oregonstate.edu\users\morgamat\Windows.Documents\Desktop\sv_term_project\opengl_project\learnply\learnply.cpp(1059,66): warning C4244: 'argument': conversion from 'double' to 'float', possible loss of data
\\depot.engr.oregonstate.edu\users\morgamat\Windows.Documents\Desktop\sv_term_project\opengl_project\learnply\learnply.cpp(1059,53): warning C4244: 'argument': conversion from 'double' to 'float', possible loss of data
\\depot.engr.oregonstate.edu\users\morgamat\Windows.Documents\Desktop\sv_term_project\opengl_project\learnply\learnply.cpp(1093,51): warning C4305: 'initializing': truncation from 'double' to 'GLfloat'
\\depot.engr.oregonstate.edu\users\morgamat\Windows.Documents\Desktop\sv_term_project\opengl_project\learnply\learnply.cpp(1147,43): warning C4244: 'argument': conversion from 'double' to 'GLfloat', possible loss of data
\\depot.engr.oregonstate.edu\users\morgamat\Windows.Documents\Desktop\sv_term_project\opengl_project\learnply\learnply.cpp(1147,32): warning C4244: 'argument': conversion from 'double' to 'GLfloat', possible loss of data
\\depot.engr.oregonstate.edu\users\morgamat\Windows.Documents\Desktop\sv_term_project\opengl_project\learnply\learnply.cpp(1147,21): warning C4244: 'argument': conversion from 'double' to 'GLfloat', possible loss of data
\\depot.engr.oregonstate.edu\users\morgamat\Windows.Documents\Desktop\sv_term_project\opengl_project\learnply\learnply.cpp(1162,51): warning C4305: 'initializing': truncation from 'double' to 'GLfloat'
\\depot.engr.oregonstate.edu\users\morgamat\Windows.Documents\Desktop\sv_term_project\opengl_project\learnply\learnply.cpp(1180,21): warning C4018: '<': signed/unsigned mismatch
\\depot.engr.oregonstate.edu\users\morgamat\Windows.Documents\Desktop\sv_term_project\opengl_project\learnply\learnply.cpp(1186,21): warning C4018: '<': signed/unsigned mismatch
\\depot.engr.oregonstate.edu\users\morgamat\Windows.Documents\Desktop\sv_term_project\opengl_project\learnply\learnply.cpp(1075,18): warning C4101: 'j': unreferenced local variable
\\depot.engr.oregonstate.edu\users\morgamat\Windows.Documents\Desktop\sv_term_project\opengl_project\learnply\learnply.cpp(1075,15): warning C4101: 'i': unreferenced local variable
gradient_descent.obj : warning LNK4075: ignoring '/EDITANDCONTINUE' due to '/INCREMENTAL:NO' specification
  learnply.vcxproj -> \\depot.engr.oregonstate.edu\users\morgamat\Windows.Documents\Desktop\sv_term_project\opengl_project\Debug\learnply.exe
  0 File(s) copied
