\\depot.engr.oregonstate.edu\users\morgamat\windows.documents\desktop\sv_term_project\opengl_project\debug\vc143.pdb
\\depot.engr.oregonstate.edu\users\morgamat\windows.documents\desktop\sv_term_project\opengl_project\debug\vc143.idb
\\depot.engr.oregonstate.edu\users\morgamat\windows.documents\desktop\sv_term_project\opengl_project\debug\gradient_descent.nativecodeanalysis.sarif
\\depot.engr.oregonstate.edu\users\morgamat\windows.documents\desktop\sv_term_project\opengl_project\debug\gradient_descent.nativecodeanalysis.xml
\\depot.engr.oregonstate.edu\users\morgamat\windows.documents\desktop\sv_term_project\opengl_project\debug\learnply.nativecodeanalysis.sarif
\\depot.engr.oregonstate.edu\users\morgamat\windows.documents\desktop\sv_term_project\opengl_project\debug\learnply.nativecodeanalysis.xml
\\depot.engr.oregonstate.edu\users\morgamat\windows.documents\desktop\sv_term_project\opengl_project\debug\polyline.nativecodeanalysis.sarif
\\depot.engr.oregonstate.edu\users\morgamat\windows.documents\desktop\sv_term_project\opengl_project\debug\polyline.nativecodeanalysis.xml
\\depot.engr.oregonstate.edu\users\morgamat\windows.documents\desktop\sv_term_project\opengl_project\debug\ply.nativecodeanalysis.sarif
\\depot.engr.oregonstate.edu\users\morgamat\windows.documents\desktop\sv_term_project\opengl_project\debug\ply.nativecodeanalysis.xml
\\depot.engr.oregonstate.edu\users\morgamat\windows.documents\desktop\sv_term_project\opengl_project\debug\polyhedron.nativecodeanalysis.sarif
\\depot.engr.oregonstate.edu\users\morgamat\windows.documents\desktop\sv_term_project\opengl_project\debug\polyhedron.nativecodeanalysis.xml
\\depot.engr.oregonstate.edu\users\morgamat\windows.documents\desktop\sv_term_project\opengl_project\debug\color_and_height_transform.nativecodeanalysis.sarif
\\depot.engr.oregonstate.edu\users\morgamat\windows.documents\desktop\sv_term_project\opengl_project\debug\color_and_height_transform.nativecodeanalysis.xml
\\depot.engr.oregonstate.edu\users\morgamat\windows.documents\desktop\sv_term_project\opengl_project\debug\contour_and_crit_point.nativecodeanalysis.sarif
\\depot.engr.oregonstate.edu\users\morgamat\windows.documents\desktop\sv_term_project\opengl_project\debug\contour_and_crit_point.nativecodeanalysis.xml
\\depot.engr.oregonstate.edu\users\morgamat\windows.documents\desktop\sv_term_project\opengl_project\debug\tmatrix.nativecodeanalysis.sarif
\\depot.engr.oregonstate.edu\users\morgamat\windows.documents\desktop\sv_term_project\opengl_project\debug\tmatrix.nativecodeanalysis.xml
\\depot.engr.oregonstate.edu\users\morgamat\windows.documents\desktop\sv_term_project\opengl_project\debug\trackball.nativecodeanalysis.sarif
\\depot.engr.oregonstate.edu\users\morgamat\windows.documents\desktop\sv_term_project\opengl_project\debug\trackball.nativecodeanalysis.xml
\\depot.engr.oregonstate.edu\users\morgamat\windows.documents\desktop\sv_term_project\opengl_project\debug\trackball.obj
\\depot.engr.oregonstate.edu\users\morgamat\windows.documents\desktop\sv_term_project\opengl_project\debug\tmatrix.obj
\\depot.engr.oregonstate.edu\users\morgamat\windows.documents\desktop\sv_term_project\opengl_project\debug\contour_and_crit_point.obj
\\depot.engr.oregonstate.edu\users\morgamat\windows.documents\desktop\sv_term_project\opengl_project\debug\color_and_height_transform.obj
\\depot.engr.oregonstate.edu\users\morgamat\windows.documents\desktop\sv_term_project\opengl_project\debug\polyhedron.obj
\\depot.engr.oregonstate.edu\users\morgamat\windows.documents\desktop\sv_term_project\opengl_project\debug\ply.obj
\\depot.engr.oregonstate.edu\users\morgamat\windows.documents\desktop\sv_term_project\opengl_project\debug\polyline.obj
\\depot.engr.oregonstate.edu\users\morgamat\windows.documents\desktop\sv_term_project\opengl_project\debug\learnply.obj
\\depot.engr.oregonstate.edu\users\morgamat\windows.documents\desktop\sv_term_project\opengl_project\debug\gradient_descent.obj
\\depot.engr.oregonstate.edu\users\morgamat\windows.documents\desktop\sv_term_project\opengl_project\debug\learnply.pdb
\\depot.engr.oregonstate.edu\users\morgamat\windows.documents\desktop\sv_term_project\opengl_project\debug\..\debug\learnply.pdb
\\depot.engr.oregonstate.edu\users\morgamat\windows.documents\desktop\sv_term_project\opengl_project\debug\..\debug\learnply.vcxproj.filelistabsolute.txt
\\depot.engr.oregonstate.edu\users\morgamat\windows.documents\desktop\sv_term_project\opengl_project\debug\learnply.tlog\cl.command.1.tlog
\\depot.engr.oregonstate.edu\users\morgamat\windows.documents\desktop\sv_term_project\opengl_project\debug\learnply.tlog\cl.read.1.tlog
\\depot.engr.oregonstate.edu\users\morgamat\windows.documents\desktop\sv_term_project\opengl_project\debug\learnply.tlog\cl.write.1.tlog
\\depot.engr.oregonstate.edu\users\morgamat\windows.documents\desktop\sv_term_project\opengl_project\debug\learnply.tlog\link-cvtres.read.1.tlog
\\depot.engr.oregonstate.edu\users\morgamat\windows.documents\desktop\sv_term_project\opengl_project\debug\learnply.tlog\link-cvtres.write.1.tlog
\\depot.engr.oregonstate.edu\users\morgamat\windows.documents\desktop\sv_term_project\opengl_project\debug\learnply.tlog\link-rc.read.1.tlog
\\depot.engr.oregonstate.edu\users\morgamat\windows.documents\desktop\sv_term_project\opengl_project\debug\learnply.tlog\link-rc.write.1.tlog
\\depot.engr.oregonstate.edu\users\morgamat\windows.documents\desktop\sv_term_project\opengl_project\debug\learnply.tlog\link.command.1.tlog
\\depot.engr.oregonstate.edu\users\morgamat\windows.documents\desktop\sv_term_project\opengl_project\debug\learnply.tlog\link.read.1.tlog
\\depot.engr.oregonstate.edu\users\morgamat\windows.documents\desktop\sv_term_project\opengl_project\debug\learnply.tlog\link.write.1.tlog
