getting data
Files already downloaded and verified
Files already downloaded and verified
training ResNet
epoch: 0
Train Loss: 0.4426, Train Acc: 0.17
Test Loss: 0.2138, Test Acc: 0.36
epoch: 1
Train Loss: 0.1560, Train Acc: 0.48
Test Loss: 0.1179, Test Acc: 0.63
epoch: 2
Train Loss: 0.1039, Train Acc: 0.66
Test Loss: 0.0855, Test Acc: 0.71
epoch: 3
Train Loss: 0.0900, Train Acc: 0.68
Test Loss: 0.0739, Test Acc: 0.77
epoch: 4
Train Loss: 0.0718, Train Acc: 0.75
Test Loss: 0.0559, Test Acc: 0.80
epoch: 5
Train Loss: 0.0721, Train Acc: 0.75
Test Loss: 0.0520, Test Acc: 0.83
epoch: 6
Train Loss: 0.0579, Train Acc: 0.80
Test Loss: 0.0453, Test Acc: 0.85
epoch: 7
Train Loss: 0.0610, Train Acc: 0.79
Test Loss: 0.0487, Test Acc: 0.84
epoch: 8
Train Loss: 0.0574, Train Acc: 0.83
Test Loss: 0.0378, Test Acc: 0.88
epoch: 9
Train Loss: 0.0495, Train Acc: 0.84
Test Loss: 0.0350, Test Acc: 0.88
epoch: 10
Train Loss: 0.0551, Train Acc: 0.81
Test Loss: 0.0353, Test Acc: 0.89
epoch: 11
Train Loss: 0.0472, Train Acc: 0.85
Test Loss: 0.0352, Test Acc: 0.89
X: -20, Y: -20
Training Loss: 30550.9555
X: -16, Y: -20
Training Loss: 5166.8698
X: -12, Y: -20
Training Loss: 749.4328
X: -8, Y: -20
Training Loss: 166.4665
X: -4, Y: -20
Training Loss: 77.5512
X: 0, Y: -20
Training Loss: 43.7823
X: 4, Y: -20
Training Loss: 19.4358
X: 8, Y: -20
Training Loss: 4.4441
X: 12, Y: -20
Training Loss: 2.0198
X: 16, Y: -20
Training Loss: 3.0125
X: 20, Y: -20
Training Loss: 5.0167
X: -20, Y: -16
Training Loss: 3395.7076
X: -16, Y: -16
Training Loss: 658.2439
X: -12, Y: -16
Training Loss: 102.1677
X: -8, Y: -16
Training Loss: 24.9385
X: -4, Y: -16
Training Loss: 12.6380
X: 0, Y: -16
Training Loss: 8.8558
X: 4, Y: -16
Training Loss: 2.2199
X: 8, Y: -16
Training Loss: 0.9648
X: 12, Y: -16
Training Loss: 0.8521
X: 16, Y: -16
Training Loss: 1.1669
X: 20, Y: -16
Training Loss: 1.7059
X: -20, Y: -12
Training Loss: 1284.4344
X: -16, Y: -12
Training Loss: 140.2890
X: -12, Y: -12
Training Loss: 26.6818
X: -8, Y: -12
Training Loss: 6.3338
X: -4, Y: -12
Training Loss: 2.7091
X: 0, Y: -12
Training Loss: 1.3150
X: 4, Y: -12
Training Loss: 0.5217
X: 8, Y: -12
Training Loss: 0.5145
X: 12, Y: -12
Training Loss: 0.6202
X: 16, Y: -12
Training Loss: 0.7388
X: 20, Y: -12
Training Loss: 1.0776
X: -20, Y: -8
Training Loss: 753.7332
X: -16, Y: -8
Training Loss: 57.7666
X: -12, Y: -8
Training Loss: 10.1601
X: -8, Y: -8
Training Loss: 2.3951
X: -4, Y: -8
Training Loss: 1.3816
X: 0, Y: -8
Training Loss: 0.6786
X: 4, Y: -8
Training Loss: 0.4046
X: 8, Y: -8
Training Loss: 0.4756
X: 12, Y: -8
Training Loss: 0.6012
X: 16, Y: -8
Training Loss: 0.7686
X: 20, Y: -8
Training Loss: 0.9559
X: -20, Y: -4
Training Loss: 321.2549
X: -16, Y: -4
Training Loss: 33.4075
X: -12, Y: -4
Training Loss: 7.4307
X: -8, Y: -4
Training Loss: 2.4615
X: -4, Y: -4
Training Loss: 0.7650
X: 0, Y: -4
Training Loss: 0.1966
X: 4, Y: -4
Training Loss: 0.1936
X: 8, Y: -4
Training Loss: 0.3565
X: 12, Y: -4
Training Loss: 0.5352
X: 16, Y: -4
Training Loss: 0.7375
X: 20, Y: -4
Training Loss: 0.8206
X: -20, Y: 0
Training Loss: 157.6955
X: -16, Y: 0
Training Loss: 25.7399
X: -12, Y: 0
Training Loss: 5.3045
X: -8, Y: 0
Training Loss: 1.3968
X: -4, Y: 0
Training Loss: 0.1920
X: 0, Y: 0
Training Loss: 0.0275
X: 4, Y: 0
Training Loss: 0.1595
X: 8, Y: 0
Training Loss: 0.3732
X: 12, Y: 0
Training Loss: 0.5680
X: 16, Y: 0
Training Loss: 0.6301
X: 20, Y: 0
Training Loss: 0.7364
X: -20, Y: 4
Training Loss: 175.5227
X: -16, Y: 4
Training Loss: 15.5494
X: -12, Y: 4
Training Loss: 2.6929
X: -8, Y: 4
Training Loss: 0.6680
X: -4, Y: 4
Training Loss: 0.2343
X: 0, Y: 4
Training Loss: 0.2054
X: 4, Y: 4
Training Loss: 0.4287
X: 8, Y: 4
Training Loss: 0.5991
X: 12, Y: 4
Training Loss: 0.6422
X: 16, Y: 4
Training Loss: 0.6492
X: 20, Y: 4
Training Loss: 0.8460
X: -20, Y: 8
Training Loss: 447.9873
X: -16, Y: 8
Training Loss: 39.1511
X: -12, Y: 8
Training Loss: 2.9935
X: -8, Y: 8
Training Loss: 0.6539
X: -4, Y: 8
Training Loss: 0.4114
X: 0, Y: 8
Training Loss: 0.4714
X: 4, Y: 8
Training Loss: 0.6139
X: 8, Y: 8
Training Loss: 0.6830
X: 12, Y: 8
Training Loss: 0.6957
X: 16, Y: 8
Training Loss: 0.7021
X: 20, Y: 8
Training Loss: 0.9436
X: -20, Y: 12
Training Loss: 991.4082
X: -16, Y: 12
Training Loss: 115.2864
X: -12, Y: 12
Training Loss: 9.5881
X: -8, Y: 12
Training Loss: 0.7345
X: -4, Y: 12
Training Loss: 0.5255
X: 0, Y: 12
Training Loss: 0.5415
X: 4, Y: 12
Training Loss: 0.6579
X: 8, Y: 12
Training Loss: 0.7420
X: 12, Y: 12
Training Loss: 0.7586
X: 16, Y: 12
Training Loss: 0.7500
X: 20, Y: 12
Training Loss: 1.3541
X: -20, Y: 16
Training Loss: 2214.3806
X: -16, Y: 16
Training Loss: 280.1844
X: -12, Y: 16
Training Loss: 26.8775
X: -8, Y: 16
Training Loss: 1.9239
X: -4, Y: 16
Training Loss: 0.5941
X: 0, Y: 16
Training Loss: 0.5521
X: 4, Y: 16
Training Loss: 0.6550
X: 8, Y: 16
Training Loss: 0.7344
X: 12, Y: 16
Training Loss: 0.7834
X: 16, Y: 16
Training Loss: 0.8772
X: 20, Y: 16
Training Loss: 1.4945
X: -20, Y: 20
Training Loss: 4796.6648
X: -16, Y: 20
Training Loss: 633.7684
X: -12, Y: 20
Training Loss: 66.7332
X: -8, Y: 20
Training Loss: 9.6067
X: -4, Y: 20
Training Loss: 1.9960
X: 0, Y: 20
Training Loss: 1.1360
X: 4, Y: 20
Training Loss: 0.9452
X: 8, Y: 20
Training Loss: 0.8833
X: 12, Y: 20
Training Loss: 0.9672
X: 16, Y: 20
Training Loss: 1.3150
X: 20, Y: 20
Training Loss: 4.6049
Saved to runs/12_epochs_18_20_12_7_2022/new_data_ResNet_PCA_pca.ply
