getting data
Files already downloaded and verified
Files already downloaded and verified
training VGG
epoch: 0
Train Loss: 0.2985, Train Acc: 0.15
Test Loss: 0.1967, Test Acc: 0.29
epoch: 1
Train Loss: 0.1940, Train Acc: 0.28
Test Loss: 0.1815, Test Acc: 0.36
epoch: 2
Train Loss: 0.1584, Train Acc: 0.43
Test Loss: 0.1319, Test Acc: 0.55
epoch: 3
Train Loss: 0.1298, Train Acc: 0.56
Test Loss: 0.1065, Test Acc: 0.63
epoch: 4
Train Loss: 0.1178, Train Acc: 0.60
Test Loss: 0.1106, Test Acc: 0.60
epoch: 5
Train Loss: 0.0985, Train Acc: 0.66
Test Loss: 0.0839, Test Acc: 0.70
epoch: 6
Train Loss: 0.0965, Train Acc: 0.68
Test Loss: 0.0833, Test Acc: 0.71
epoch: 7
Train Loss: 0.0874, Train Acc: 0.69
Test Loss: 0.0777, Test Acc: 0.75
epoch: 8
Train Loss: 0.0823, Train Acc: 0.71
Test Loss: 0.0919, Test Acc: 0.70
epoch: 9
Train Loss: 0.0755, Train Acc: 0.74
Test Loss: 0.0587, Test Acc: 0.80
epoch: 10
Train Loss: 0.0793, Train Acc: 0.75
Test Loss: 0.0847, Test Acc: 0.71
epoch: 11
Train Loss: 0.0709, Train Acc: 0.76
Test Loss: 0.0601, Test Acc: 0.80
X: -10, Y: -10
Training Loss: 2.5028
X: -8, Y: -10
Training Loss: 1.8333
X: -6, Y: -10
Training Loss: 1.3237
X: -4, Y: -10
Training Loss: 0.8972
X: -2, Y: -10
Training Loss: 0.5872
X: 0, Y: -10
Training Loss: 0.4337
X: 2, Y: -10
Training Loss: 0.4835
X: 4, Y: -10
Training Loss: 0.8230
X: 6, Y: -10
Training Loss: 1.8934
X: 8, Y: -10
Training Loss: 5.5238
X: 10, Y: -10
Training Loss: 15.7825
X: -10, Y: -8
Training Loss: 1.6603
X: -8, Y: -8
Training Loss: 1.1326
X: -6, Y: -8
Training Loss: 0.7861
X: -4, Y: -8
Training Loss: 0.6090
X: -2, Y: -8
Training Loss: 0.4756
X: 0, Y: -8
Training Loss: 0.3644
X: 2, Y: -8
Training Loss: 0.3372
X: 4, Y: -8
Training Loss: 0.4664
X: 6, Y: -8
Training Loss: 0.8704
X: 8, Y: -8
Training Loss: 2.3227
X: 10, Y: -8
Training Loss: 6.9042
X: -10, Y: -6
Training Loss: 1.0426
X: -8, Y: -6
Training Loss: 0.6329
X: -6, Y: -6
Training Loss: 0.4158
X: -4, Y: -6
Training Loss: 0.3228
X: -2, Y: -6
Training Loss: 0.3259
X: 0, Y: -6
Training Loss: 0.3088
X: 2, Y: -6
Training Loss: 0.2968
X: 4, Y: -6
Training Loss: 0.3067
X: 6, Y: -6
Training Loss: 0.4839
X: 8, Y: -6
Training Loss: 1.0394
X: 10, Y: -6
Training Loss: 2.9932
X: -10, Y: -4
Training Loss: 0.7404
X: -8, Y: -4
Training Loss: 0.4228
X: -6, Y: -4
Training Loss: 0.2355
X: -4, Y: -4
Training Loss: 0.1642
X: -2, Y: -4
Training Loss: 0.1678
X: 0, Y: -4
Training Loss: 0.2286
X: 2, Y: -4
Training Loss: 0.2602
X: 4, Y: -4
Training Loss: 0.2647
X: 6, Y: -4
Training Loss: 0.3139
X: 8, Y: -4
Training Loss: 0.5382
X: 10, Y: -4
Training Loss: 1.3589
X: -10, Y: -2
Training Loss: 0.6176
X: -8, Y: -2
Training Loss: 0.3639
X: -6, Y: -2
Training Loss: 0.1824
X: -4, Y: -2
Training Loss: 0.0986
X: -2, Y: -2
Training Loss: 0.0634
X: 0, Y: -2
Training Loss: 0.0992
X: 2, Y: -2
Training Loss: 0.1704
X: 4, Y: -2
Training Loss: 0.2159
X: 6, Y: -2
Training Loss: 0.2470
X: 8, Y: -2
Training Loss: 0.3038
X: 10, Y: -2
Training Loss: 0.6323
X: -10, Y: 0
Training Loss: 1.2002
X: -8, Y: 0
Training Loss: 0.5871
X: -6, Y: 0
Training Loss: 0.2680
X: -4, Y: 0
Training Loss: 0.1145
X: -2, Y: 0
Training Loss: 0.0706
X: 0, Y: 0
Training Loss: 0.0576
X: 2, Y: 0
Training Loss: 0.0944
X: 4, Y: 0
Training Loss: 0.1600
X: 6, Y: 0
Training Loss: 0.2010
X: 8, Y: 0
Training Loss: 0.2351
X: 10, Y: 0
Training Loss: 0.3301
X: -10, Y: 2
Training Loss: 3.3136
X: -8, Y: 2
Training Loss: 1.8122
X: -6, Y: 2
Training Loss: 1.0743
X: -4, Y: 2
Training Loss: 0.5989
X: -2, Y: 2
Training Loss: 0.2700
X: 0, Y: 2
Training Loss: 0.1454
X: 2, Y: 2
Training Loss: 0.1169
X: 4, Y: 2
Training Loss: 0.1709
X: 6, Y: 2
Training Loss: 0.2340
X: 8, Y: 2
Training Loss: 0.2623
X: 10, Y: 2
Training Loss: 0.3079
X: -10, Y: 4
Training Loss: 9.4030
X: -8, Y: 4
Training Loss: 6.0065
X: -6, Y: 4
Training Loss: 3.6859
X: -4, Y: 4
Training Loss: 2.3117
X: -2, Y: 4
Training Loss: 1.4757
X: 0, Y: 4
Training Loss: 0.8270
X: 2, Y: 4
Training Loss: 0.5378
X: 4, Y: 4
Training Loss: 0.4173
X: 6, Y: 4
Training Loss: 0.3842
X: 8, Y: 4
Training Loss: 0.4071
X: 10, Y: 4
Training Loss: 0.4751
X: -10, Y: 6
Training Loss: 21.5277
X: -8, Y: 6
Training Loss: 15.5442
X: -6, Y: 6
Training Loss: 10.3953
X: -4, Y: 6
Training Loss: 6.2995
X: -2, Y: 6
Training Loss: 4.1694
X: 0, Y: 6
Training Loss: 2.5591
X: 2, Y: 6
Training Loss: 1.9019
X: 4, Y: 6
Training Loss: 1.3727
X: 6, Y: 6
Training Loss: 1.0131
X: 8, Y: 6
Training Loss: 0.8484
X: 10, Y: 6
Training Loss: 0.7908
X: -10, Y: 8
Training Loss: 52.8456
X: -8, Y: 8
Training Loss: 35.0517
X: -6, Y: 8
Training Loss: 24.1839
X: -4, Y: 8
Training Loss: 15.6365
X: -2, Y: 8
Training Loss: 10.1194
X: 0, Y: 8
Training Loss: 6.6058
X: 2, Y: 8
Training Loss: 4.5545
X: 4, Y: 8
Training Loss: 3.6164
X: 6, Y: 8
Training Loss: 2.8593
X: 8, Y: 8
Training Loss: 2.1304
X: 10, Y: 8
Training Loss: 1.6680
X: -10, Y: 10
Training Loss: 105.2702
X: -8, Y: 10
Training Loss: 73.0200
X: -6, Y: 10
Training Loss: 48.1086
X: -4, Y: 10
Training Loss: 32.5138
X: -2, Y: 10
Training Loss: 22.5584
X: 0, Y: 10
Training Loss: 15.9606
X: 2, Y: 10
Training Loss: 12.0127
X: 4, Y: 10
Training Loss: 9.1065
X: 6, Y: 10
Training Loss: 7.2325
X: 8, Y: 10
Training Loss: 5.4469
X: 10, Y: 10
Training Loss: 4.1477
Saved to runs/12_epochs_from_-10_to_12_with_2ss-19_0_12_7_2022/new_data_VGG_PCA_pca.ply
