getting data
Files already downloaded and verified
Files already downloaded and verified
training VGG
epoch: 0
Train Loss: 0.2935, Train Acc: 0.18
Test Loss: 0.1945, Test Acc: 0.27
epoch: 1
Train Loss: 0.1992, Train Acc: 0.28
Test Loss: 0.1956, Test Acc: 0.30
epoch: 2
Train Loss: 0.1821, Train Acc: 0.32
Test Loss: 0.1816, Test Acc: 0.39
epoch: 3
Train Loss: 0.1656, Train Acc: 0.39
Test Loss: 0.1390, Test Acc: 0.50
epoch: 4
Train Loss: 0.1424, Train Acc: 0.47
Test Loss: 0.1193, Test Acc: 0.55
epoch: 5
Train Loss: 0.1254, Train Acc: 0.55
Test Loss: 0.1098, Test Acc: 0.61
epoch: 6
Train Loss: 0.1158, Train Acc: 0.57
Test Loss: 0.1096, Test Acc: 0.59
epoch: 7
Train Loss: 0.1098, Train Acc: 0.61
Test Loss: 0.1013, Test Acc: 0.64
epoch: 8
Train Loss: 0.0987, Train Acc: 0.66
Test Loss: 0.0870, Test Acc: 0.69
epoch: 9
Train Loss: 0.0868, Train Acc: 0.68
Test Loss: 0.0803, Test Acc: 0.72
epoch: 10
Train Loss: 0.0914, Train Acc: 0.69
Test Loss: 0.0718, Test Acc: 0.75
epoch: 11
Train Loss: 0.0866, Train Acc: 0.71
Test Loss: 0.0763, Test Acc: 0.73
X: -0.5, Y: -0.5
Training Loss: 0.2850
X: -0.46, Y: -0.5
Training Loss: 0.2696
X: -0.42000000000000004, Y: -0.5
Training Loss: 0.2572
X: -0.38000000000000006, Y: -0.5
Training Loss: 0.2475
X: -0.3400000000000001, Y: -0.5
Training Loss: 0.2465
X: -0.3000000000000001, Y: -0.5
Training Loss: 0.2332
X: -0.2600000000000001, Y: -0.5
Training Loss: 0.2265
X: -0.22000000000000014, Y: -0.5
Training Loss: 0.2225
X: -0.18000000000000016, Y: -0.5
Training Loss: 0.2184
X: -0.14000000000000018, Y: -0.5
Training Loss: 0.2073
X: -0.1000000000000002, Y: -0.5
Training Loss: 0.2036
X: -0.06000000000000022, Y: -0.5
Training Loss: 0.2140
X: -0.02000000000000024, Y: -0.5
Training Loss: 0.2191
X: 0.019999999999999796, Y: -0.5
Training Loss: 0.2189
X: 0.05999999999999972, Y: -0.5
Training Loss: 0.2203
X: 0.09999999999999964, Y: -0.5
Training Loss: 0.2313
X: 0.13999999999999968, Y: -0.5
Training Loss: 0.2267
X: 0.17999999999999972, Y: -0.5
Training Loss: 0.2363
X: 0.21999999999999964, Y: -0.5
Training Loss: 0.2467
X: 0.25999999999999956, Y: -0.5
Training Loss: 0.2530
X: 0.2999999999999996, Y: -0.5
Training Loss: 0.2608
X: 0.33999999999999964, Y: -0.5
Training Loss: 0.2609
X: 0.37999999999999956, Y: -0.5
Training Loss: 0.2673
X: 0.4199999999999995, Y: -0.5
Training Loss: 0.2786
X: 0.4599999999999995, Y: -0.5
Training Loss: 0.2832
X: 0.49999999999999956, Y: -0.5
Training Loss: 0.2937
X: -0.5, Y: -0.46
Training Loss: 0.2643
X: -0.46, Y: -0.46
Training Loss: 0.2590
X: -0.42000000000000004, Y: -0.46
Training Loss: 0.2477
X: -0.38000000000000006, Y: -0.46
Training Loss: 0.2424
X: -0.3400000000000001, Y: -0.46
Training Loss: 0.2324
X: -0.3000000000000001, Y: -0.46
Training Loss: 0.2210
X: -0.2600000000000001, Y: -0.46
Training Loss: 0.2213
X: -0.22000000000000014, Y: -0.46
Training Loss: 0.2035
X: -0.18000000000000016, Y: -0.46
Training Loss: 0.2031
X: -0.14000000000000018, Y: -0.46
Training Loss: 0.1868
X: -0.1000000000000002, Y: -0.46
Training Loss: 0.1931
X: -0.06000000000000022, Y: -0.46
Training Loss: 0.1873
X: -0.02000000000000024, Y: -0.46
Training Loss: 0.1941
X: 0.019999999999999796, Y: -0.46
Training Loss: 0.1999
X: 0.05999999999999972, Y: -0.46
Training Loss: 0.2086
X: 0.09999999999999964, Y: -0.46
Training Loss: 0.2119
X: 0.13999999999999968, Y: -0.46
Training Loss: 0.2173
X: 0.17999999999999972, Y: -0.46
Training Loss: 0.2205
X: 0.21999999999999964, Y: -0.46
Training Loss: 0.2303
X: 0.25999999999999956, Y: -0.46
Training Loss: 0.2386
X: 0.2999999999999996, Y: -0.46
Training Loss: 0.2462
X: 0.33999999999999964, Y: -0.46
Training Loss: 0.2476
X: 0.37999999999999956, Y: -0.46
Training Loss: 0.2617
X: 0.4199999999999995, Y: -0.46
Training Loss: 0.2706
X: 0.4599999999999995, Y: -0.46
Training Loss: 0.2706
X: 0.49999999999999956, Y: -0.46
Training Loss: 0.2785
X: -0.5, Y: -0.42000000000000004
Training Loss: 0.2582
X: -0.46, Y: -0.42000000000000004
Training Loss: 0.2530
X: -0.42000000000000004, Y: -0.42000000000000004
Training Loss: 0.2433
X: -0.38000000000000006, Y: -0.42000000000000004
Training Loss: 0.2331
X: -0.3400000000000001, Y: -0.42000000000000004
Training Loss: 0.2219
X: -0.3000000000000001, Y: -0.42000000000000004
Training Loss: 0.2180
X: -0.2600000000000001, Y: -0.42000000000000004
Training Loss: 0.1998
X: -0.22000000000000014, Y: -0.42000000000000004
Training Loss: 0.1944
X: -0.18000000000000016, Y: -0.42000000000000004
Training Loss: 0.1878
X: -0.14000000000000018, Y: -0.42000000000000004
Training Loss: 0.1777
X: -0.1000000000000002, Y: -0.42000000000000004
Training Loss: 0.1732
X: -0.06000000000000022, Y: -0.42000000000000004
Training Loss: 0.1679
X: -0.02000000000000024, Y: -0.42000000000000004
Training Loss: 0.1708
X: 0.019999999999999796, Y: -0.42000000000000004
Training Loss: 0.1763
X: 0.05999999999999972, Y: -0.42000000000000004
Training Loss: 0.1833
X: 0.09999999999999964, Y: -0.42000000000000004
Training Loss: 0.1971
X: 0.13999999999999968, Y: -0.42000000000000004
Training Loss: 0.1969
X: 0.17999999999999972, Y: -0.42000000000000004
Training Loss: 0.2112
X: 0.21999999999999964, Y: -0.42000000000000004
Training Loss: 0.2211
X: 0.25999999999999956, Y: -0.42000000000000004
Training Loss: 0.2319
X: 0.2999999999999996, Y: -0.42000000000000004
Training Loss: 0.2359
X: 0.33999999999999964, Y: -0.42000000000000004
Training Loss: 0.2461
X: 0.37999999999999956, Y: -0.42000000000000004
Training Loss: 0.2501
X: 0.4199999999999995, Y: -0.42000000000000004
Training Loss: 0.2586
X: 0.4599999999999995, Y: -0.42000000000000004
Training Loss: 0.2610
X: 0.49999999999999956, Y: -0.42000000000000004
Training Loss: 0.2735
X: -0.5, Y: -0.38000000000000006
Training Loss: 0.2552
X: -0.46, Y: -0.38000000000000006
Training Loss: 0.2438
X: -0.42000000000000004, Y: -0.38000000000000006
Training Loss: 0.2288
X: -0.38000000000000006, Y: -0.38000000000000006
Training Loss: 0.2201
X: -0.3400000000000001, Y: -0.38000000000000006
Training Loss: 0.2111
X: -0.3000000000000001, Y: -0.38000000000000006
Training Loss: 0.2023
X: -0.2600000000000001, Y: -0.38000000000000006
Training Loss: 0.1901
X: -0.22000000000000014, Y: -0.38000000000000006
Training Loss: 0.1819
X: -0.18000000000000016, Y: -0.38000000000000006
Training Loss: 0.1750
X: -0.14000000000000018, Y: -0.38000000000000006
Training Loss: 0.1744
X: -0.1000000000000002, Y: -0.38000000000000006
Training Loss: 0.1589
X: -0.06000000000000022, Y: -0.38000000000000006
Training Loss: 0.1540
X: -0.02000000000000024, Y: -0.38000000000000006
Training Loss: 0.1583
X: 0.019999999999999796, Y: -0.38000000000000006
Training Loss: 0.1642
X: 0.05999999999999972, Y: -0.38000000000000006
Training Loss: 0.1767
X: 0.09999999999999964, Y: -0.38000000000000006
Training Loss: 0.1789
X: 0.13999999999999968, Y: -0.38000000000000006
Training Loss: 0.1851
X: 0.17999999999999972, Y: -0.38000000000000006
Training Loss: 0.2009
X: 0.21999999999999964, Y: -0.38000000000000006
Training Loss: 0.2102
X: 0.25999999999999956, Y: -0.38000000000000006
Training Loss: 0.2146
X: 0.2999999999999996, Y: -0.38000000000000006
Training Loss: 0.2259
X: 0.33999999999999964, Y: -0.38000000000000006
Training Loss: 0.2282
X: 0.37999999999999956, Y: -0.38000000000000006
Training Loss: 0.2444
X: 0.4199999999999995, Y: -0.38000000000000006
Training Loss: 0.2477
X: 0.4599999999999995, Y: -0.38000000000000006
Training Loss: 0.2538
X: 0.49999999999999956, Y: -0.38000000000000006
Training Loss: 0.2736
X: -0.5, Y: -0.3400000000000001
Training Loss: 0.2476
X: -0.46, Y: -0.3400000000000001
Training Loss: 0.2294
X: -0.42000000000000004, Y: -0.3400000000000001
Training Loss: 0.2138
X: -0.38000000000000006, Y: -0.3400000000000001
Training Loss: 0.2089
X: -0.3400000000000001, Y: -0.3400000000000001
Training Loss: 0.2095
X: -0.3000000000000001, Y: -0.3400000000000001
Training Loss: 0.1876
X: -0.2600000000000001, Y: -0.3400000000000001
Training Loss: 0.1880
X: -0.22000000000000014, Y: -0.3400000000000001
Training Loss: 0.1805
X: -0.18000000000000016, Y: -0.3400000000000001
Training Loss: 0.1609
X: -0.14000000000000018, Y: -0.3400000000000001
Training Loss: 0.1580
X: -0.1000000000000002, Y: -0.3400000000000001
Training Loss: 0.1449
X: -0.06000000000000022, Y: -0.3400000000000001
Training Loss: 0.1393
X: -0.02000000000000024, Y: -0.3400000000000001
Training Loss: 0.1419
X: 0.019999999999999796, Y: -0.3400000000000001
Training Loss: 0.1442
X: 0.05999999999999972, Y: -0.3400000000000001
Training Loss: 0.1583
X: 0.09999999999999964, Y: -0.3400000000000001
Training Loss: 0.1680
X: 0.13999999999999968, Y: -0.3400000000000001
Training Loss: 0.1707
X: 0.17999999999999972, Y: -0.3400000000000001
Training Loss: 0.1889
X: 0.21999999999999964, Y: -0.3400000000000001
Training Loss: 0.2006
X: 0.25999999999999956, Y: -0.3400000000000001
Training Loss: 0.2076
X: 0.2999999999999996, Y: -0.3400000000000001
Training Loss: 0.2147
X: 0.33999999999999964, Y: -0.3400000000000001
Training Loss: 0.2167
X: 0.37999999999999956, Y: -0.3400000000000001
Training Loss: 0.2295
X: 0.4199999999999995, Y: -0.3400000000000001
Training Loss: 0.2504
X: 0.4599999999999995, Y: -0.3400000000000001
Training Loss: 0.2532
X: 0.49999999999999956, Y: -0.3400000000000001
Training Loss: 0.2624
X: -0.5, Y: -0.3000000000000001
Training Loss: 0.2371
X: -0.46, Y: -0.3000000000000001
Training Loss: 0.2280
X: -0.42000000000000004, Y: -0.3000000000000001
Training Loss: 0.2127
X: -0.38000000000000006, Y: -0.3000000000000001
Training Loss: 0.2004
X: -0.3400000000000001, Y: -0.3000000000000001
Training Loss: 0.1990
X: -0.3000000000000001, Y: -0.3000000000000001
Training Loss: 0.1828
X: -0.2600000000000001, Y: -0.3000000000000001
Training Loss: 0.1697
X: -0.22000000000000014, Y: -0.3000000000000001
Training Loss: 0.1677
X: -0.18000000000000016, Y: -0.3000000000000001
Training Loss: 0.1516
X: -0.14000000000000018, Y: -0.3000000000000001
Training Loss: 0.1408
X: -0.1000000000000002, Y: -0.3000000000000001
Training Loss: 0.1257
X: -0.06000000000000022, Y: -0.3000000000000001
Training Loss: 0.1288
X: -0.02000000000000024, Y: -0.3000000000000001
Training Loss: 0.1300
X: 0.019999999999999796, Y: -0.3000000000000001
Training Loss: 0.1409
X: 0.05999999999999972, Y: -0.3000000000000001
Training Loss: 0.1335
X: 0.09999999999999964, Y: -0.3000000000000001
Training Loss: 0.1510
X: 0.13999999999999968, Y: -0.3000000000000001
Training Loss: 0.1658
X: 0.17999999999999972, Y: -0.3000000000000001
Training Loss: 0.1701
X: 0.21999999999999964, Y: -0.3000000000000001
Training Loss: 0.1801
X: 0.25999999999999956, Y: -0.3000000000000001
Training Loss: 0.1931
X: 0.2999999999999996, Y: -0.3000000000000001
Training Loss: 0.2003
X: 0.33999999999999964, Y: -0.3000000000000001
Training Loss: 0.2129
X: 0.37999999999999956, Y: -0.3000000000000001
Training Loss: 0.2278
X: 0.4199999999999995, Y: -0.3000000000000001
Training Loss: 0.2406
X: 0.4599999999999995, Y: -0.3000000000000001
Training Loss: 0.2535
X: 0.49999999999999956, Y: -0.3000000000000001
Training Loss: 0.2545
X: -0.5, Y: -0.2600000000000001
Training Loss: 0.2254
X: -0.46, Y: -0.2600000000000001
Training Loss: 0.2201
X: -0.42000000000000004, Y: -0.2600000000000001
Training Loss: 0.2100
X: -0.38000000000000006, Y: -0.2600000000000001
Training Loss: 0.1966
X: -0.3400000000000001, Y: -0.2600000000000001
Training Loss: 0.1884
X: -0.3000000000000001, Y: -0.2600000000000001
Training Loss: 0.1772
X: -0.2600000000000001, Y: -0.2600000000000001
Training Loss: 0.1652
X: -0.22000000000000014, Y: -0.2600000000000001
Training Loss: 0.1560
X: -0.18000000000000016, Y: -0.2600000000000001
Training Loss: 0.1500
X: -0.14000000000000018, Y: -0.2600000000000001
Training Loss: 0.1383
X: -0.1000000000000002, Y: -0.2600000000000001
Training Loss: 0.1190
X: -0.06000000000000022, Y: -0.2600000000000001
Training Loss: 0.1138
X: -0.02000000000000024, Y: -0.2600000000000001
Training Loss: 0.1129
X: 0.019999999999999796, Y: -0.2600000000000001
Training Loss: 0.1243
X: 0.05999999999999972, Y: -0.2600000000000001
Training Loss: 0.1244
X: 0.09999999999999964, Y: -0.2600000000000001
Training Loss: 0.1376
X: 0.13999999999999968, Y: -0.2600000000000001
Training Loss: 0.1423
X: 0.17999999999999972, Y: -0.2600000000000001
Training Loss: 0.1617
X: 0.21999999999999964, Y: -0.2600000000000001
Training Loss: 0.1763
X: 0.25999999999999956, Y: -0.2600000000000001
Training Loss: 0.1839
X: 0.2999999999999996, Y: -0.2600000000000001
Training Loss: 0.1911
X: 0.33999999999999964, Y: -0.2600000000000001
Training Loss: 0.2089
X: 0.37999999999999956, Y: -0.2600000000000001
Training Loss: 0.2250
X: 0.4199999999999995, Y: -0.2600000000000001
Training Loss: 0.2350
X: 0.4599999999999995, Y: -0.2600000000000001
Training Loss: 0.2452
X: 0.49999999999999956, Y: -0.2600000000000001
Training Loss: 0.2582
X: -0.5, Y: -0.22000000000000014
Training Loss: 0.2253
X: -0.46, Y: -0.22000000000000014
Training Loss: 0.2052
X: -0.42000000000000004, Y: -0.22000000000000014
Training Loss: 0.1976
X: -0.38000000000000006, Y: -0.22000000000000014
Training Loss: 0.1868
X: -0.3400000000000001, Y: -0.22000000000000014
Training Loss: 0.1715
X: -0.3000000000000001, Y: -0.22000000000000014
Training Loss: 0.1674
X: -0.2600000000000001, Y: -0.22000000000000014
Training Loss: 0.1537
X: -0.22000000000000014, Y: -0.22000000000000014
Training Loss: 0.1434
X: -0.18000000000000016, Y: -0.22000000000000014
Training Loss: 0.1357
X: -0.14000000000000018, Y: -0.22000000000000014
Training Loss: 0.1204
X: -0.1000000000000002, Y: -0.22000000000000014
Training Loss: 0.1116
X: -0.06000000000000022, Y: -0.22000000000000014
Training Loss: 0.1116
X: -0.02000000000000024, Y: -0.22000000000000014
Training Loss: 0.1079
X: 0.019999999999999796, Y: -0.22000000000000014
Training Loss: 0.1124
X: 0.05999999999999972, Y: -0.22000000000000014
Training Loss: 0.1204
X: 0.09999999999999964, Y: -0.22000000000000014
Training Loss: 0.1262
X: 0.13999999999999968, Y: -0.22000000000000014
Training Loss: 0.1415
X: 0.17999999999999972, Y: -0.22000000000000014
Training Loss: 0.1535
X: 0.21999999999999964, Y: -0.22000000000000014
Training Loss: 0.1659
X: 0.25999999999999956, Y: -0.22000000000000014
Training Loss: 0.1789
X: 0.2999999999999996, Y: -0.22000000000000014
Training Loss: 0.1916
X: 0.33999999999999964, Y: -0.22000000000000014
Training Loss: 0.1947
X: 0.37999999999999956, Y: -0.22000000000000014
Training Loss: 0.2169
X: 0.4199999999999995, Y: -0.22000000000000014
Training Loss: 0.2334
X: 0.4599999999999995, Y: -0.22000000000000014
Training Loss: 0.2473
X: 0.49999999999999956, Y: -0.22000000000000014
Training Loss: 0.2622
X: -0.5, Y: -0.18000000000000016
Training Loss: 0.2139
X: -0.46, Y: -0.18000000000000016
Training Loss: 0.2103
X: -0.42000000000000004, Y: -0.18000000000000016
Training Loss: 0.1847
X: -0.38000000000000006, Y: -0.18000000000000016
Training Loss: 0.1764
X: -0.3400000000000001, Y: -0.18000000000000016
Training Loss: 0.1646
X: -0.3000000000000001, Y: -0.18000000000000016
Training Loss: 0.1527
X: -0.2600000000000001, Y: -0.18000000000000016
Training Loss: 0.1438
X: -0.22000000000000014, Y: -0.18000000000000016
Training Loss: 0.1370
X: -0.18000000000000016, Y: -0.18000000000000016
Training Loss: 0.1287
X: -0.14000000000000018, Y: -0.18000000000000016
Training Loss: 0.1124
X: -0.1000000000000002, Y: -0.18000000000000016
Training Loss: 0.1049
X: -0.06000000000000022, Y: -0.18000000000000016
Training Loss: 0.0998
X: -0.02000000000000024, Y: -0.18000000000000016
Training Loss: 0.0994
X: 0.019999999999999796, Y: -0.18000000000000016
Training Loss: 0.0993
X: 0.05999999999999972, Y: -0.18000000000000016
Training Loss: 0.1112
X: 0.09999999999999964, Y: -0.18000000000000016
Training Loss: 0.1157
X: 0.13999999999999968, Y: -0.18000000000000016
Training Loss: 0.1309
X: 0.17999999999999972, Y: -0.18000000000000016
Training Loss: 0.1509
X: 0.21999999999999964, Y: -0.18000000000000016
Training Loss: 0.1566
X: 0.25999999999999956, Y: -0.18000000000000016
Training Loss: 0.1757
X: 0.2999999999999996, Y: -0.18000000000000016
Training Loss: 0.1856
X: 0.33999999999999964, Y: -0.18000000000000016
Training Loss: 0.1979
X: 0.37999999999999956, Y: -0.18000000000000016
Training Loss: 0.2127
X: 0.4199999999999995, Y: -0.18000000000000016
Training Loss: 0.2337
X: 0.4599999999999995, Y: -0.18000000000000016
Training Loss: 0.2467
X: 0.49999999999999956, Y: -0.18000000000000016
Training Loss: 0.2595
X: -0.5, Y: -0.14000000000000018
Training Loss: 0.2162
X: -0.46, Y: -0.14000000000000018
Training Loss: 0.2042
X: -0.42000000000000004, Y: -0.14000000000000018
Training Loss: 0.1894
X: -0.38000000000000006, Y: -0.14000000000000018
Training Loss: 0.1751
X: -0.3400000000000001, Y: -0.14000000000000018
Training Loss: 0.1611
X: -0.3000000000000001, Y: -0.14000000000000018
Training Loss: 0.1451
X: -0.2600000000000001, Y: -0.14000000000000018
Training Loss: 0.1311
X: -0.22000000000000014, Y: -0.14000000000000018
Training Loss: 0.1294
X: -0.18000000000000016, Y: -0.14000000000000018
Training Loss: 0.1152
X: -0.14000000000000018, Y: -0.14000000000000018
Training Loss: 0.1041
X: -0.1000000000000002, Y: -0.14000000000000018
Training Loss: 0.0995
X: -0.06000000000000022, Y: -0.14000000000000018
Training Loss: 0.0893
X: -0.02000000000000024, Y: -0.14000000000000018
Training Loss: 0.0924
X: 0.019999999999999796, Y: -0.14000000000000018
Training Loss: 0.0863
X: 0.05999999999999972, Y: -0.14000000000000018
Training Loss: 0.0991
X: 0.09999999999999964, Y: -0.14000000000000018
Training Loss: 0.1100
X: 0.13999999999999968, Y: -0.14000000000000018
Training Loss: 0.1267
X: 0.17999999999999972, Y: -0.14000000000000018
Training Loss: 0.1383
X: 0.21999999999999964, Y: -0.14000000000000018
Training Loss: 0.1438
X: 0.25999999999999956, Y: -0.14000000000000018
Training Loss: 0.1556
X: 0.2999999999999996, Y: -0.14000000000000018
Training Loss: 0.1766
X: 0.33999999999999964, Y: -0.14000000000000018
Training Loss: 0.1951
X: 0.37999999999999956, Y: -0.14000000000000018
Training Loss: 0.2168
X: 0.4199999999999995, Y: -0.14000000000000018
Training Loss: 0.2319
X: 0.4599999999999995, Y: -0.14000000000000018
Training Loss: 0.2468
X: 0.49999999999999956, Y: -0.14000000000000018
Training Loss: 0.2566
X: -0.5, Y: -0.1000000000000002
Training Loss: 0.2125
X: -0.46, Y: -0.1000000000000002
Training Loss: 0.2036
X: -0.42000000000000004, Y: -0.1000000000000002
Training Loss: 0.1867
X: -0.38000000000000006, Y: -0.1000000000000002
Training Loss: 0.1701
X: -0.3400000000000001, Y: -0.1000000000000002
Training Loss: 0.1555
X: -0.3000000000000001, Y: -0.1000000000000002
Training Loss: 0.1413
X: -0.2600000000000001, Y: -0.1000000000000002
Training Loss: 0.1214
X: -0.22000000000000014, Y: -0.1000000000000002
Training Loss: 0.1171
X: -0.18000000000000016, Y: -0.1000000000000002
Training Loss: 0.1050
X: -0.14000000000000018, Y: -0.1000000000000002
Training Loss: 0.1021
X: -0.1000000000000002, Y: -0.1000000000000002
Training Loss: 0.0932
X: -0.06000000000000022, Y: -0.1000000000000002
Training Loss: 0.0803
X: -0.02000000000000024, Y: -0.1000000000000002
Training Loss: 0.0800
X: 0.019999999999999796, Y: -0.1000000000000002
Training Loss: 0.0920
X: 0.05999999999999972, Y: -0.1000000000000002
Training Loss: 0.0883
X: 0.09999999999999964, Y: -0.1000000000000002
Training Loss: 0.0988
X: 0.13999999999999968, Y: -0.1000000000000002
Training Loss: 0.1150
X: 0.17999999999999972, Y: -0.1000000000000002
Training Loss: 0.1234
X: 0.21999999999999964, Y: -0.1000000000000002
Training Loss: 0.1353
X: 0.25999999999999956, Y: -0.1000000000000002
Training Loss: 0.1593
X: 0.2999999999999996, Y: -0.1000000000000002
Training Loss: 0.1769
X: 0.33999999999999964, Y: -0.1000000000000002
Training Loss: 0.1900
X: 0.37999999999999956, Y: -0.1000000000000002
Training Loss: 0.2176
X: 0.4199999999999995, Y: -0.1000000000000002
Training Loss: 0.2264
X: 0.4599999999999995, Y: -0.1000000000000002
Training Loss: 0.2494
X: 0.49999999999999956, Y: -0.1000000000000002
Training Loss: 0.2637
X: -0.5, Y: -0.06000000000000022
Training Loss: 0.2207
X: -0.46, Y: -0.06000000000000022
Training Loss: 0.2067
X: -0.42000000000000004, Y: -0.06000000000000022
Training Loss: 0.1860
X: -0.38000000000000006, Y: -0.06000000000000022
Training Loss: 0.1639
X: -0.3400000000000001, Y: -0.06000000000000022
Training Loss: 0.1523
X: -0.3000000000000001, Y: -0.06000000000000022
Training Loss: 0.1399
X: -0.2600000000000001, Y: -0.06000000000000022
Training Loss: 0.1247
X: -0.22000000000000014, Y: -0.06000000000000022
Training Loss: 0.1068
X: -0.18000000000000016, Y: -0.06000000000000022
Training Loss: 0.0966
X: -0.14000000000000018, Y: -0.06000000000000022
Training Loss: 0.0901
X: -0.1000000000000002, Y: -0.06000000000000022
Training Loss: 0.0810
X: -0.06000000000000022, Y: -0.06000000000000022
Training Loss: 0.0802
X: -0.02000000000000024, Y: -0.06000000000000022
Training Loss: 0.0851
X: 0.019999999999999796, Y: -0.06000000000000022
Training Loss: 0.0855
X: 0.05999999999999972, Y: -0.06000000000000022
Training Loss: 0.0861
X: 0.09999999999999964, Y: -0.06000000000000022
Training Loss: 0.0934
X: 0.13999999999999968, Y: -0.06000000000000022
Training Loss: 0.1036
X: 0.17999999999999972, Y: -0.06000000000000022
Training Loss: 0.1223
X: 0.21999999999999964, Y: -0.06000000000000022
Training Loss: 0.1392
X: 0.25999999999999956, Y: -0.06000000000000022
Training Loss: 0.1567
X: 0.2999999999999996, Y: -0.06000000000000022
Training Loss: 0.1679
X: 0.33999999999999964, Y: -0.06000000000000022
Training Loss: 0.1884
X: 0.37999999999999956, Y: -0.06000000000000022
Training Loss: 0.2173
X: 0.4199999999999995, Y: -0.06000000000000022
Training Loss: 0.2266
X: 0.4599999999999995, Y: -0.06000000000000022
Training Loss: 0.2467
X: 0.49999999999999956, Y: -0.06000000000000022
Training Loss: 0.2623
X: -0.5, Y: -0.02000000000000024
Training Loss: 0.2243
X: -0.46, Y: -0.02000000000000024
Training Loss: 0.2152
X: -0.42000000000000004, Y: -0.02000000000000024
Training Loss: 0.1937
X: -0.38000000000000006, Y: -0.02000000000000024
Training Loss: 0.1767
X: -0.3400000000000001, Y: -0.02000000000000024
Training Loss: 0.1557
X: -0.3000000000000001, Y: -0.02000000000000024
Training Loss: 0.1354
X: -0.2600000000000001, Y: -0.02000000000000024
Training Loss: 0.1183
X: -0.22000000000000014, Y: -0.02000000000000024
Training Loss: 0.1060
X: -0.18000000000000016, Y: -0.02000000000000024
Training Loss: 0.0967
X: -0.14000000000000018, Y: -0.02000000000000024
Training Loss: 0.0878
X: -0.1000000000000002, Y: -0.02000000000000024
Training Loss: 0.0780
X: -0.06000000000000022, Y: -0.02000000000000024
Training Loss: 0.0754
X: -0.02000000000000024, Y: -0.02000000000000024
Training Loss: 0.0733
X: 0.019999999999999796, Y: -0.02000000000000024
Training Loss: 0.0814
X: 0.05999999999999972, Y: -0.02000000000000024
Training Loss: 0.0784
X: 0.09999999999999964, Y: -0.02000000000000024
Training Loss: 0.0881
X: 0.13999999999999968, Y: -0.02000000000000024
Training Loss: 0.1005
X: 0.17999999999999972, Y: -0.02000000000000024
Training Loss: 0.1156
X: 0.21999999999999964, Y: -0.02000000000000024
Training Loss: 0.1250
X: 0.25999999999999956, Y: -0.02000000000000024
Training Loss: 0.1532
X: 0.2999999999999996, Y: -0.02000000000000024
Training Loss: 0.1723
X: 0.33999999999999964, Y: -0.02000000000000024
Training Loss: 0.1893
X: 0.37999999999999956, Y: -0.02000000000000024
Training Loss: 0.2085
X: 0.4199999999999995, Y: -0.02000000000000024
Training Loss: 0.2281
X: 0.4599999999999995, Y: -0.02000000000000024
Training Loss: 0.2482
X: 0.49999999999999956, Y: -0.02000000000000024
Training Loss: 0.2644
X: -0.5, Y: 0.019999999999999796
Training Loss: 0.2285
X: -0.46, Y: 0.019999999999999796
Training Loss: 0.2134
X: -0.42000000000000004, Y: 0.019999999999999796
Training Loss: 0.1995
X: -0.38000000000000006, Y: 0.019999999999999796
Training Loss: 0.1731
X: -0.3400000000000001, Y: 0.019999999999999796
Training Loss: 0.1637
X: -0.3000000000000001, Y: 0.019999999999999796
Training Loss: 0.1419
X: -0.2600000000000001, Y: 0.019999999999999796
Training Loss: 0.1254
X: -0.22000000000000014, Y: 0.019999999999999796
Training Loss: 0.1118
X: -0.18000000000000016, Y: 0.019999999999999796
Training Loss: 0.0987
X: -0.14000000000000018, Y: 0.019999999999999796
Training Loss: 0.0895
X: -0.1000000000000002, Y: 0.019999999999999796
Training Loss: 0.0838
X: -0.06000000000000022, Y: 0.019999999999999796
Training Loss: 0.0732
X: -0.02000000000000024, Y: 0.019999999999999796
Training Loss: 0.0785
X: 0.019999999999999796, Y: 0.019999999999999796
Training Loss: 0.0730
X: 0.05999999999999972, Y: 0.019999999999999796
Training Loss: 0.0755
X: 0.09999999999999964, Y: 0.019999999999999796
Training Loss: 0.0815
X: 0.13999999999999968, Y: 0.019999999999999796
Training Loss: 0.0966
X: 0.17999999999999972, Y: 0.019999999999999796
Training Loss: 0.1121
X: 0.21999999999999964, Y: 0.019999999999999796
Training Loss: 0.1297
X: 0.25999999999999956, Y: 0.019999999999999796
Training Loss: 0.1482
X: 0.2999999999999996, Y: 0.019999999999999796
Training Loss: 0.1696
X: 0.33999999999999964, Y: 0.019999999999999796
Training Loss: 0.1881
X: 0.37999999999999956, Y: 0.019999999999999796
Training Loss: 0.2059
X: 0.4199999999999995, Y: 0.019999999999999796
Training Loss: 0.2286
X: 0.4599999999999995, Y: 0.019999999999999796
Training Loss: 0.2450
X: 0.49999999999999956, Y: 0.019999999999999796
Training Loss: 0.2726
X: -0.5, Y: 0.05999999999999972
Training Loss: 0.2440
X: -0.46, Y: 0.05999999999999972
Training Loss: 0.2251
X: -0.42000000000000004, Y: 0.05999999999999972
Training Loss: 0.2034
X: -0.38000000000000006, Y: 0.05999999999999972
Training Loss: 0.1860
X: -0.3400000000000001, Y: 0.05999999999999972
Training Loss: 0.1769
X: -0.3000000000000001, Y: 0.05999999999999972
Training Loss: 0.1540
X: -0.2600000000000001, Y: 0.05999999999999972
Training Loss: 0.1353
X: -0.22000000000000014, Y: 0.05999999999999972
Training Loss: 0.1120
X: -0.18000000000000016, Y: 0.05999999999999972
Training Loss: 0.0969
X: -0.14000000000000018, Y: 0.05999999999999972
Training Loss: 0.0904
X: -0.1000000000000002, Y: 0.05999999999999972
Training Loss: 0.0805
X: -0.06000000000000022, Y: 0.05999999999999972
Training Loss: 0.0785
X: -0.02000000000000024, Y: 0.05999999999999972
Training Loss: 0.0755
X: 0.019999999999999796, Y: 0.05999999999999972
Training Loss: 0.0704
X: 0.05999999999999972, Y: 0.05999999999999972
Training Loss: 0.0793
X: 0.09999999999999964, Y: 0.05999999999999972
Training Loss: 0.0809
X: 0.13999999999999968, Y: 0.05999999999999972
Training Loss: 0.0994
X: 0.17999999999999972, Y: 0.05999999999999972
Training Loss: 0.1081
X: 0.21999999999999964, Y: 0.05999999999999972
Training Loss: 0.1253
X: 0.25999999999999956, Y: 0.05999999999999972
Training Loss: 0.1462
X: 0.2999999999999996, Y: 0.05999999999999972
Training Loss: 0.1620
X: 0.33999999999999964, Y: 0.05999999999999972
Training Loss: 0.1922
X: 0.37999999999999956, Y: 0.05999999999999972
Training Loss: 0.2073
X: 0.4199999999999995, Y: 0.05999999999999972
Training Loss: 0.2308
X: 0.4599999999999995, Y: 0.05999999999999972
Training Loss: 0.2530
X: 0.49999999999999956, Y: 0.05999999999999972
Training Loss: 0.2666
X: -0.5, Y: 0.09999999999999964
Training Loss: 0.2492
X: -0.46, Y: 0.09999999999999964
Training Loss: 0.2324
X: -0.42000000000000004, Y: 0.09999999999999964
Training Loss: 0.2161
X: -0.38000000000000006, Y: 0.09999999999999964
Training Loss: 0.1973
X: -0.3400000000000001, Y: 0.09999999999999964
Training Loss: 0.1836
X: -0.3000000000000001, Y: 0.09999999999999964
Training Loss: 0.1598
X: -0.2600000000000001, Y: 0.09999999999999964
Training Loss: 0.1431
X: -0.22000000000000014, Y: 0.09999999999999964
Training Loss: 0.1205
X: -0.18000000000000016, Y: 0.09999999999999964
Training Loss: 0.1077
X: -0.14000000000000018, Y: 0.09999999999999964
Training Loss: 0.0953
X: -0.1000000000000002, Y: 0.09999999999999964
Training Loss: 0.0835
X: -0.06000000000000022, Y: 0.09999999999999964
Training Loss: 0.0822
X: -0.02000000000000024, Y: 0.09999999999999964
Training Loss: 0.0815
X: 0.019999999999999796, Y: 0.09999999999999964
Training Loss: 0.0798
X: 0.05999999999999972, Y: 0.09999999999999964
Training Loss: 0.0799
X: 0.09999999999999964, Y: 0.09999999999999964
Training Loss: 0.0846
X: 0.13999999999999968, Y: 0.09999999999999964
Training Loss: 0.1005
X: 0.17999999999999972, Y: 0.09999999999999964
Training Loss: 0.1076
X: 0.21999999999999964, Y: 0.09999999999999964
Training Loss: 0.1280
X: 0.25999999999999956, Y: 0.09999999999999964
Training Loss: 0.1450
X: 0.2999999999999996, Y: 0.09999999999999964
Training Loss: 0.1683
X: 0.33999999999999964, Y: 0.09999999999999964
Training Loss: 0.1911
X: 0.37999999999999956, Y: 0.09999999999999964
Training Loss: 0.2146
X: 0.4199999999999995, Y: 0.09999999999999964
Training Loss: 0.2351
X: 0.4599999999999995, Y: 0.09999999999999964
Training Loss: 0.2522
X: 0.49999999999999956, Y: 0.09999999999999964
Training Loss: 0.2660
X: -0.5, Y: 0.13999999999999968
Training Loss: 0.2502
X: -0.46, Y: 0.13999999999999968
Training Loss: 0.2424
X: -0.42000000000000004, Y: 0.13999999999999968
Training Loss: 0.2287
X: -0.38000000000000006, Y: 0.13999999999999968
Training Loss: 0.2056
X: -0.3400000000000001, Y: 0.13999999999999968
Training Loss: 0.1843
X: -0.3000000000000001, Y: 0.13999999999999968
Training Loss: 0.1718
X: -0.2600000000000001, Y: 0.13999999999999968
Training Loss: 0.1523
X: -0.22000000000000014, Y: 0.13999999999999968
Training Loss: 0.1315
X: -0.18000000000000016, Y: 0.13999999999999968
Training Loss: 0.1138
X: -0.14000000000000018, Y: 0.13999999999999968
Training Loss: 0.0993
X: -0.1000000000000002, Y: 0.13999999999999968
Training Loss: 0.0992
X: -0.06000000000000022, Y: 0.13999999999999968
Training Loss: 0.0878
X: -0.02000000000000024, Y: 0.13999999999999968
Training Loss: 0.0819
X: 0.019999999999999796, Y: 0.13999999999999968
Training Loss: 0.0819
X: 0.05999999999999972, Y: 0.13999999999999968
Training Loss: 0.0897
X: 0.09999999999999964, Y: 0.13999999999999968
Training Loss: 0.0920
X: 0.13999999999999968, Y: 0.13999999999999968
Training Loss: 0.1000
X: 0.17999999999999972, Y: 0.13999999999999968
Training Loss: 0.1161
X: 0.21999999999999964, Y: 0.13999999999999968
Training Loss: 0.1322
X: 0.25999999999999956, Y: 0.13999999999999968
Training Loss: 0.1500
X: 0.2999999999999996, Y: 0.13999999999999968
Training Loss: 0.1747
X: 0.33999999999999964, Y: 0.13999999999999968
Training Loss: 0.1856
X: 0.37999999999999956, Y: 0.13999999999999968
Training Loss: 0.2123
X: 0.4199999999999995, Y: 0.13999999999999968
Training Loss: 0.2333
X: 0.4599999999999995, Y: 0.13999999999999968
Training Loss: 0.2523
X: 0.49999999999999956, Y: 0.13999999999999968
Training Loss: 0.2759
X: -0.5, Y: 0.17999999999999972
Training Loss: 0.2547
X: -0.46, Y: 0.17999999999999972
Training Loss: 0.2493
X: -0.42000000000000004, Y: 0.17999999999999972
Training Loss: 0.2266
X: -0.38000000000000006, Y: 0.17999999999999972
Training Loss: 0.2245
X: -0.3400000000000001, Y: 0.17999999999999972
Training Loss: 0.2024
X: -0.3000000000000001, Y: 0.17999999999999972
Training Loss: 0.1762
X: -0.2600000000000001, Y: 0.17999999999999972
Training Loss: 0.1659
X: -0.22000000000000014, Y: 0.17999999999999972
Training Loss: 0.1450
X: -0.18000000000000016, Y: 0.17999999999999972
Training Loss: 0.1220
X: -0.14000000000000018, Y: 0.17999999999999972
Training Loss: 0.1128
X: -0.1000000000000002, Y: 0.17999999999999972
Training Loss: 0.1035
X: -0.06000000000000022, Y: 0.17999999999999972
Training Loss: 0.0905
X: -0.02000000000000024, Y: 0.17999999999999972
Training Loss: 0.0919
X: 0.019999999999999796, Y: 0.17999999999999972
Training Loss: 0.0882
X: 0.05999999999999972, Y: 0.17999999999999972
Training Loss: 0.0929
X: 0.09999999999999964, Y: 0.17999999999999972
Training Loss: 0.1058
X: 0.13999999999999968, Y: 0.17999999999999972
Training Loss: 0.1111
X: 0.17999999999999972, Y: 0.17999999999999972
Training Loss: 0.1229
X: 0.21999999999999964, Y: 0.17999999999999972
Training Loss: 0.1383
X: 0.25999999999999956, Y: 0.17999999999999972
Training Loss: 0.1570
X: 0.2999999999999996, Y: 0.17999999999999972
Training Loss: 0.1692
X: 0.33999999999999964, Y: 0.17999999999999972
Training Loss: 0.1960
X: 0.37999999999999956, Y: 0.17999999999999972
Training Loss: 0.2211
X: 0.4199999999999995, Y: 0.17999999999999972
Training Loss: 0.2436
X: 0.4599999999999995, Y: 0.17999999999999972
Training Loss: 0.2592
X: 0.49999999999999956, Y: 0.17999999999999972
Training Loss: 0.2725
X: -0.5, Y: 0.21999999999999964
Training Loss: 0.2594
X: -0.46, Y: 0.21999999999999964
Training Loss: 0.2491
X: -0.42000000000000004, Y: 0.21999999999999964
Training Loss: 0.2313
X: -0.38000000000000006, Y: 0.21999999999999964
Training Loss: 0.2273
X: -0.3400000000000001, Y: 0.21999999999999964
Training Loss: 0.2217
X: -0.3000000000000001, Y: 0.21999999999999964
Training Loss: 0.1963
X: -0.2600000000000001, Y: 0.21999999999999964
Training Loss: 0.1814
X: -0.22000000000000014, Y: 0.21999999999999964
Training Loss: 0.1559
X: -0.18000000000000016, Y: 0.21999999999999964
Training Loss: 0.1420
X: -0.14000000000000018, Y: 0.21999999999999964
Training Loss: 0.1284
X: -0.1000000000000002, Y: 0.21999999999999964
Training Loss: 0.1152
X: -0.06000000000000022, Y: 0.21999999999999964
Training Loss: 0.1055
X: -0.02000000000000024, Y: 0.21999999999999964
Training Loss: 0.1062
X: 0.019999999999999796, Y: 0.21999999999999964
Training Loss: 0.1065
X: 0.05999999999999972, Y: 0.21999999999999964
Training Loss: 0.1004
X: 0.09999999999999964, Y: 0.21999999999999964
Training Loss: 0.1076
X: 0.13999999999999968, Y: 0.21999999999999964
Training Loss: 0.1145
X: 0.17999999999999972, Y: 0.21999999999999964
Training Loss: 0.1379
X: 0.21999999999999964, Y: 0.21999999999999964
Training Loss: 0.1459
X: 0.25999999999999956, Y: 0.21999999999999964
Training Loss: 0.1615
X: 0.2999999999999996, Y: 0.21999999999999964
Training Loss: 0.1869
X: 0.33999999999999964, Y: 0.21999999999999964
Training Loss: 0.2060
X: 0.37999999999999956, Y: 0.21999999999999964
Training Loss: 0.2288
X: 0.4199999999999995, Y: 0.21999999999999964
Training Loss: 0.2499
X: 0.4599999999999995, Y: 0.21999999999999964
Training Loss: 0.2687
X: 0.49999999999999956, Y: 0.21999999999999964
Training Loss: 0.2866
X: -0.5, Y: 0.25999999999999956
Training Loss: 0.2638
X: -0.46, Y: 0.25999999999999956
Training Loss: 0.2481
X: -0.42000000000000004, Y: 0.25999999999999956
Training Loss: 0.2511
X: -0.38000000000000006, Y: 0.25999999999999956
Training Loss: 0.2344
X: -0.3400000000000001, Y: 0.25999999999999956
Training Loss: 0.2227
X: -0.3000000000000001, Y: 0.25999999999999956
Training Loss: 0.2079
X: -0.2600000000000001, Y: 0.25999999999999956
Training Loss: 0.1918
X: -0.22000000000000014, Y: 0.25999999999999956
Training Loss: 0.1789
X: -0.18000000000000016, Y: 0.25999999999999956
Training Loss: 0.1577
X: -0.14000000000000018, Y: 0.25999999999999956
Training Loss: 0.1433
X: -0.1000000000000002, Y: 0.25999999999999956
Training Loss: 0.1288
X: -0.06000000000000022, Y: 0.25999999999999956
Training Loss: 0.1250
X: -0.02000000000000024, Y: 0.25999999999999956
Training Loss: 0.1129
X: 0.019999999999999796, Y: 0.25999999999999956
Training Loss: 0.1178
X: 0.05999999999999972, Y: 0.25999999999999956
Training Loss: 0.1205
X: 0.09999999999999964, Y: 0.25999999999999956
Training Loss: 0.1212
X: 0.13999999999999968, Y: 0.25999999999999956
Training Loss: 0.1245
X: 0.17999999999999972, Y: 0.25999999999999956
Training Loss: 0.1356
X: 0.21999999999999964, Y: 0.25999999999999956
Training Loss: 0.1550
X: 0.25999999999999956, Y: 0.25999999999999956
Training Loss: 0.1740
X: 0.2999999999999996, Y: 0.25999999999999956
Training Loss: 0.1862
X: 0.33999999999999964, Y: 0.25999999999999956
Training Loss: 0.2064
X: 0.37999999999999956, Y: 0.25999999999999956
Training Loss: 0.2350
X: 0.4199999999999995, Y: 0.25999999999999956
Training Loss: 0.2555
X: 0.4599999999999995, Y: 0.25999999999999956
Training Loss: 0.2749
X: 0.49999999999999956, Y: 0.25999999999999956
Training Loss: 0.2920
X: -0.5, Y: 0.2999999999999996
Training Loss: 0.2727
X: -0.46, Y: 0.2999999999999996
Training Loss: 0.2594
X: -0.42000000000000004, Y: 0.2999999999999996
Training Loss: 0.2513
X: -0.38000000000000006, Y: 0.2999999999999996
Training Loss: 0.2459
X: -0.3400000000000001, Y: 0.2999999999999996
Training Loss: 0.2367
X: -0.3000000000000001, Y: 0.2999999999999996
Training Loss: 0.2221
X: -0.2600000000000001, Y: 0.2999999999999996
Training Loss: 0.2040
X: -0.22000000000000014, Y: 0.2999999999999996
Training Loss: 0.1896
X: -0.18000000000000016, Y: 0.2999999999999996
Training Loss: 0.1773
X: -0.14000000000000018, Y: 0.2999999999999996
Training Loss: 0.1655
X: -0.1000000000000002, Y: 0.2999999999999996
Training Loss: 0.1443
X: -0.06000000000000022, Y: 0.2999999999999996
Training Loss: 0.1436
X: -0.02000000000000024, Y: 0.2999999999999996
Training Loss: 0.1351
X: 0.019999999999999796, Y: 0.2999999999999996
Training Loss: 0.1340
X: 0.05999999999999972, Y: 0.2999999999999996
Training Loss: 0.1294
X: 0.09999999999999964, Y: 0.2999999999999996
Training Loss: 0.1315
X: 0.13999999999999968, Y: 0.2999999999999996
Training Loss: 0.1411
X: 0.17999999999999972, Y: 0.2999999999999996
Training Loss: 0.1495
X: 0.21999999999999964, Y: 0.2999999999999996
Training Loss: 0.1655
X: 0.25999999999999956, Y: 0.2999999999999996
Training Loss: 0.1845
X: 0.2999999999999996, Y: 0.2999999999999996
Training Loss: 0.1945
X: 0.33999999999999964, Y: 0.2999999999999996
Training Loss: 0.2195
X: 0.37999999999999956, Y: 0.2999999999999996
Training Loss: 0.2443
X: 0.4199999999999995, Y: 0.2999999999999996
Training Loss: 0.2656
X: 0.4599999999999995, Y: 0.2999999999999996
Training Loss: 0.2829
X: 0.49999999999999956, Y: 0.2999999999999996
Training Loss: 0.3010
X: -0.5, Y: 0.33999999999999964
Training Loss: 0.2770
X: -0.46, Y: 0.33999999999999964
Training Loss: 0.2697
X: -0.42000000000000004, Y: 0.33999999999999964
Training Loss: 0.2588
X: -0.38000000000000006, Y: 0.33999999999999964
Training Loss: 0.2524
X: -0.3400000000000001, Y: 0.33999999999999964
Training Loss: 0.2492
X: -0.3000000000000001, Y: 0.33999999999999964
Training Loss: 0.2386
X: -0.2600000000000001, Y: 0.33999999999999964
Training Loss: 0.2232
X: -0.22000000000000014, Y: 0.33999999999999964
Training Loss: 0.2124
X: -0.18000000000000016, Y: 0.33999999999999964
Training Loss: 0.1900
X: -0.14000000000000018, Y: 0.33999999999999964
Training Loss: 0.1858
X: -0.1000000000000002, Y: 0.33999999999999964
Training Loss: 0.1749
X: -0.06000000000000022, Y: 0.33999999999999964
Training Loss: 0.1635
X: -0.02000000000000024, Y: 0.33999999999999964
Training Loss: 0.1525
X: 0.019999999999999796, Y: 0.33999999999999964
Training Loss: 0.1462
X: 0.05999999999999972, Y: 0.33999999999999964
Training Loss: 0.1481
X: 0.09999999999999964, Y: 0.33999999999999964
Training Loss: 0.1541
X: 0.13999999999999968, Y: 0.33999999999999964
Training Loss: 0.1544
X: 0.17999999999999972, Y: 0.33999999999999964
Training Loss: 0.1649
X: 0.21999999999999964, Y: 0.33999999999999964
Training Loss: 0.1765
X: 0.25999999999999956, Y: 0.33999999999999964
Training Loss: 0.1876
X: 0.2999999999999996, Y: 0.33999999999999964
Training Loss: 0.2082
X: 0.33999999999999964, Y: 0.33999999999999964
Training Loss: 0.2289
X: 0.37999999999999956, Y: 0.33999999999999964
Training Loss: 0.2464
X: 0.4199999999999995, Y: 0.33999999999999964
Training Loss: 0.2661
X: 0.4599999999999995, Y: 0.33999999999999964
Training Loss: 0.2906
X: 0.49999999999999956, Y: 0.33999999999999964
Training Loss: 0.3115
X: -0.5, Y: 0.37999999999999956
Training Loss: 0.2862
X: -0.46, Y: 0.37999999999999956
Training Loss: 0.2779
X: -0.42000000000000004, Y: 0.37999999999999956
Training Loss: 0.2734
X: -0.38000000000000006, Y: 0.37999999999999956
Training Loss: 0.2669
X: -0.3400000000000001, Y: 0.37999999999999956
Training Loss: 0.2549
X: -0.3000000000000001, Y: 0.37999999999999956
Training Loss: 0.2454
X: -0.2600000000000001, Y: 0.37999999999999956
Training Loss: 0.2384
X: -0.22000000000000014, Y: 0.37999999999999956
Training Loss: 0.2153
X: -0.18000000000000016, Y: 0.37999999999999956
Training Loss: 0.2104
X: -0.14000000000000018, Y: 0.37999999999999956
Training Loss: 0.1973
X: -0.1000000000000002, Y: 0.37999999999999956
Training Loss: 0.1834
X: -0.06000000000000022, Y: 0.37999999999999956
Training Loss: 0.1728
X: -0.02000000000000024, Y: 0.37999999999999956
Training Loss: 0.1720
X: 0.019999999999999796, Y: 0.37999999999999956
Training Loss: 0.1682
X: 0.05999999999999972, Y: 0.37999999999999956
Training Loss: 0.1665
X: 0.09999999999999964, Y: 0.37999999999999956
Training Loss: 0.1681
X: 0.13999999999999968, Y: 0.37999999999999956
Training Loss: 0.1780
X: 0.17999999999999972, Y: 0.37999999999999956
Training Loss: 0.1854
X: 0.21999999999999964, Y: 0.37999999999999956
Training Loss: 0.1973
X: 0.25999999999999956, Y: 0.37999999999999956
Training Loss: 0.2067
X: 0.2999999999999996, Y: 0.37999999999999956
Training Loss: 0.2197
X: 0.33999999999999964, Y: 0.37999999999999956
Training Loss: 0.2429
X: 0.37999999999999956, Y: 0.37999999999999956
Training Loss: 0.2541
X: 0.4199999999999995, Y: 0.37999999999999956
Training Loss: 0.2757
X: 0.4599999999999995, Y: 0.37999999999999956
Training Loss: 0.2910
X: 0.49999999999999956, Y: 0.37999999999999956
Training Loss: 0.3121
X: -0.5, Y: 0.4199999999999995
Training Loss: 0.2901
X: -0.46, Y: 0.4199999999999995
Training Loss: 0.2870
X: -0.42000000000000004, Y: 0.4199999999999995
Training Loss: 0.2839
X: -0.38000000000000006, Y: 0.4199999999999995
Training Loss: 0.2738
X: -0.3400000000000001, Y: 0.4199999999999995
Training Loss: 0.2736
X: -0.3000000000000001, Y: 0.4199999999999995
Training Loss: 0.2525
X: -0.2600000000000001, Y: 0.4199999999999995
Training Loss: 0.2445
X: -0.22000000000000014, Y: 0.4199999999999995
Training Loss: 0.2395
X: -0.18000000000000016, Y: 0.4199999999999995
Training Loss: 0.2233
X: -0.14000000000000018, Y: 0.4199999999999995
Training Loss: 0.2188
X: -0.1000000000000002, Y: 0.4199999999999995
Training Loss: 0.2079
X: -0.06000000000000022, Y: 0.4199999999999995
Training Loss: 0.2002
X: -0.02000000000000024, Y: 0.4199999999999995
Training Loss: 0.1938
X: 0.019999999999999796, Y: 0.4199999999999995
Training Loss: 0.1938
X: 0.05999999999999972, Y: 0.4199999999999995
Training Loss: 0.1889
X: 0.09999999999999964, Y: 0.4199999999999995
Training Loss: 0.1923
X: 0.13999999999999968, Y: 0.4199999999999995
Training Loss: 0.1991
X: 0.17999999999999972, Y: 0.4199999999999995
Training Loss: 0.2030
X: 0.21999999999999964, Y: 0.4199999999999995
Training Loss: 0.2050
X: 0.25999999999999956, Y: 0.4199999999999995
Training Loss: 0.2154
X: 0.2999999999999996, Y: 0.4199999999999995
Training Loss: 0.2280
X: 0.33999999999999964, Y: 0.4199999999999995
Training Loss: 0.2427
X: 0.37999999999999956, Y: 0.4199999999999995
Training Loss: 0.2626
X: 0.4199999999999995, Y: 0.4199999999999995
Training Loss: 0.2790
X: 0.4599999999999995, Y: 0.4199999999999995
Training Loss: 0.2892
X: 0.49999999999999956, Y: 0.4199999999999995
Training Loss: 0.3134
X: -0.5, Y: 0.4599999999999995
Training Loss: 0.2911
X: -0.46, Y: 0.4599999999999995
Training Loss: 0.2933
X: -0.42000000000000004, Y: 0.4599999999999995
Training Loss: 0.2783
X: -0.38000000000000006, Y: 0.4599999999999995
Training Loss: 0.2759
X: -0.3400000000000001, Y: 0.4599999999999995
Training Loss: 0.2746
X: -0.3000000000000001, Y: 0.4599999999999995
Training Loss: 0.2694
X: -0.2600000000000001, Y: 0.4599999999999995
Training Loss: 0.2564
X: -0.22000000000000014, Y: 0.4599999999999995
Training Loss: 0.2503
X: -0.18000000000000016, Y: 0.4599999999999995
Training Loss: 0.2377
X: -0.14000000000000018, Y: 0.4599999999999995
Training Loss: 0.2352
X: -0.1000000000000002, Y: 0.4599999999999995
Training Loss: 0.2231
X: -0.06000000000000022, Y: 0.4599999999999995
Training Loss: 0.2238
X: -0.02000000000000024, Y: 0.4599999999999995
Training Loss: 0.2179
X: 0.019999999999999796, Y: 0.4599999999999995
Training Loss: 0.2153
X: 0.05999999999999972, Y: 0.4599999999999995
Training Loss: 0.2103
X: 0.09999999999999964, Y: 0.4599999999999995
Training Loss: 0.2181
X: 0.13999999999999968, Y: 0.4599999999999995
Training Loss: 0.2200
X: 0.17999999999999972, Y: 0.4599999999999995
Training Loss: 0.2260
X: 0.21999999999999964, Y: 0.4599999999999995
Training Loss: 0.2289
X: 0.25999999999999956, Y: 0.4599999999999995
Training Loss: 0.2339
X: 0.2999999999999996, Y: 0.4599999999999995
Training Loss: 0.2452
X: 0.33999999999999964, Y: 0.4599999999999995
Training Loss: 0.2583
X: 0.37999999999999956, Y: 0.4599999999999995
Training Loss: 0.2709
X: 0.4199999999999995, Y: 0.4599999999999995
Training Loss: 0.2949
X: 0.4599999999999995, Y: 0.4599999999999995
Training Loss: 0.3023
X: 0.49999999999999956, Y: 0.4599999999999995
Training Loss: 0.3221
X: -0.5, Y: 0.49999999999999956
Training Loss: 0.3050
X: -0.46, Y: 0.49999999999999956
Training Loss: 0.2949
X: -0.42000000000000004, Y: 0.49999999999999956
Training Loss: 0.2860
X: -0.38000000000000006, Y: 0.49999999999999956
Training Loss: 0.2858
X: -0.3400000000000001, Y: 0.49999999999999956
Training Loss: 0.2879
X: -0.3000000000000001, Y: 0.49999999999999956
Training Loss: 0.2715
X: -0.2600000000000001, Y: 0.49999999999999956
Training Loss: 0.2721
X: -0.22000000000000014, Y: 0.49999999999999956
Training Loss: 0.2648
X: -0.18000000000000016, Y: 0.49999999999999956
Training Loss: 0.2477
X: -0.14000000000000018, Y: 0.49999999999999956
Training Loss: 0.2504
X: -0.1000000000000002, Y: 0.49999999999999956
Training Loss: 0.2438
X: -0.06000000000000022, Y: 0.49999999999999956
Training Loss: 0.2434
X: -0.02000000000000024, Y: 0.49999999999999956
Training Loss: 0.2480
X: 0.019999999999999796, Y: 0.49999999999999956
Training Loss: 0.2340
X: 0.05999999999999972, Y: 0.49999999999999956
Training Loss: 0.2421
X: 0.09999999999999964, Y: 0.49999999999999956
Training Loss: 0.2331
X: 0.13999999999999968, Y: 0.49999999999999956
Training Loss: 0.2328
X: 0.17999999999999972, Y: 0.49999999999999956
Training Loss: 0.2452
X: 0.21999999999999964, Y: 0.49999999999999956
Training Loss: 0.2475
X: 0.25999999999999956, Y: 0.49999999999999956
Training Loss: 0.2532
X: 0.2999999999999996, Y: 0.49999999999999956
Training Loss: 0.2584
X: 0.33999999999999964, Y: 0.49999999999999956
Training Loss: 0.2677
X: 0.37999999999999956, Y: 0.49999999999999956
Training Loss: 0.2803
X: 0.4199999999999995, Y: 0.49999999999999956
Training Loss: 0.2954
X: 0.4599999999999995, Y: 0.49999999999999956
Training Loss: 0.3163
X: 0.49999999999999956, Y: 0.49999999999999956
Training Loss: 0.3283
Saved to runs/12_epochs_from_-9_to_10_with_0.75ss-22_36_12_7_2022/new_data_VGG_Random_Directions_random.ply
training ResNet
epoch: 0
Train Loss: 0.4397, Train Acc: 0.16
Test Loss: 0.2074, Test Acc: 0.39
epoch: 1
Train Loss: 0.1535, Train Acc: 0.49
Test Loss: 0.1139, Test Acc: 0.63
epoch: 2
Train Loss: 0.1140, Train Acc: 0.63
Test Loss: 0.0890, Test Acc: 0.69
epoch: 3
Train Loss: 0.0927, Train Acc: 0.67
Test Loss: 0.0626, Test Acc: 0.80
epoch: 4
Train Loss: 0.0778, Train Acc: 0.72
Test Loss: 0.0556, Test Acc: 0.83
epoch: 5
Train Loss: 0.0675, Train Acc: 0.76
Test Loss: 0.0497, Test Acc: 0.84
epoch: 6
Train Loss: 0.0690, Train Acc: 0.77
Test Loss: 0.0432, Test Acc: 0.86
epoch: 7
Train Loss: 0.0575, Train Acc: 0.81
Test Loss: 0.0378, Test Acc: 0.87
epoch: 8
Train Loss: 0.0556, Train Acc: 0.81
Test Loss: 0.0405, Test Acc: 0.87
epoch: 9
Train Loss: 0.0477, Train Acc: 0.84
Test Loss: 0.0360, Test Acc: 0.87
epoch: 10
Train Loss: 0.0463, Train Acc: 0.85
Test Loss: 0.0336, Test Acc: 0.89
epoch: 11
Train Loss: 0.0469, Train Acc: 0.84
Test Loss: 0.0292, Test Acc: 0.90
X: -0.5, Y: -0.5
Training Loss: 184737799.6800
X: -0.46, Y: -0.5
Training Loss: 28162581.0320
X: -0.42000000000000004, Y: -0.5
Training Loss: 5290724.6820
X: -0.38000000000000006, Y: -0.5
Training Loss: 1522516.4678
X: -0.3400000000000001, Y: -0.5
Training Loss: 567321.5685
X: -0.3000000000000001, Y: -0.5
Training Loss: 369831.6943
X: -0.2600000000000001, Y: -0.5
Training Loss: 275900.7455
X: -0.22000000000000014, Y: -0.5
Training Loss: 165004.5088
X: -0.18000000000000016, Y: -0.5
Training Loss: 73596.8641
X: -0.14000000000000018, Y: -0.5
Training Loss: 29875.5230
X: -0.1000000000000002, Y: -0.5
Training Loss: 17192.9623
X: -0.06000000000000022, Y: -0.5
Training Loss: 13722.9584
X: -0.02000000000000024, Y: -0.5
Training Loss: 7243.2247
X: 0.019999999999999796, Y: -0.5
Training Loss: 5074.2303
X: 0.05999999999999972, Y: -0.5
Training Loss: 4534.3382
X: 0.09999999999999964, Y: -0.5
Training Loss: 5126.8351
X: 0.13999999999999968, Y: -0.5
Training Loss: 7009.4826
X: 0.17999999999999972, Y: -0.5
Training Loss: 11885.4618
X: 0.21999999999999964, Y: -0.5
Training Loss: 18823.8636
X: 0.25999999999999956, Y: -0.5
Training Loss: 34563.7069
X: 0.2999999999999996, Y: -0.5
Training Loss: 85197.6027
X: 0.33999999999999964, Y: -0.5
Training Loss: 231715.1116
X: 0.37999999999999956, Y: -0.5
Training Loss: 641340.8950
X: 0.4199999999999995, Y: -0.5
Training Loss: 2772404.0150
X: 0.4599999999999995, Y: -0.5
Training Loss: 18745474.6720
X: 0.49999999999999956, Y: -0.5
Training Loss: 150737865.5360
X: -0.5, Y: -0.46
Training Loss: 68556901.3120
X: -0.46, Y: -0.46
Training Loss: 10434425.4960
X: -0.42000000000000004, Y: -0.46
Training Loss: 1624112.2490
X: -0.38000000000000006, Y: -0.46
Training Loss: 464433.2390
X: -0.3400000000000001, Y: -0.46
Training Loss: 200148.8137
X: -0.3000000000000001, Y: -0.46
Training Loss: 119342.0919
X: -0.2600000000000001, Y: -0.46
Training Loss: 76421.9673
X: -0.22000000000000014, Y: -0.46
Training Loss: 42643.8887
X: -0.18000000000000016, Y: -0.46
Training Loss: 16581.5581
X: -0.14000000000000018, Y: -0.46
Training Loss: 7793.7593
X: -0.1000000000000002, Y: -0.46
Training Loss: 4166.9220
X: -0.06000000000000022, Y: -0.46
Training Loss: 2283.9792
X: -0.02000000000000024, Y: -0.46
Training Loss: 1163.6991
X: 0.019999999999999796, Y: -0.46
Training Loss: 683.9194
X: 0.05999999999999972, Y: -0.46
Training Loss: 816.9697
X: 0.09999999999999964, Y: -0.46
Training Loss: 1155.4249
X: 0.13999999999999968, Y: -0.46
Training Loss: 1318.8757
X: 0.17999999999999972, Y: -0.46
Training Loss: 2718.4229
X: 0.21999999999999964, Y: -0.46
Training Loss: 4938.1896
X: 0.25999999999999956, Y: -0.46
Training Loss: 8163.4873
X: 0.2999999999999996, Y: -0.46
Training Loss: 20735.5958
X: 0.33999999999999964, Y: -0.46
Training Loss: 52086.7923
X: 0.37999999999999956, Y: -0.46
Training Loss: 144679.6642
X: 0.4199999999999995, Y: -0.46
Training Loss: 525798.5405
X: 0.4599999999999995, Y: -0.46
Training Loss: 3201571.1620
X: 0.49999999999999956, Y: -0.46
Training Loss: 37572358.2720
X: -0.5, Y: -0.42000000000000004
Training Loss: 22529753.8400
X: -0.46, Y: -0.42000000000000004
Training Loss: 2688524.0330
X: -0.42000000000000004, Y: -0.42000000000000004
Training Loss: 493536.0596
X: -0.38000000000000006, Y: -0.42000000000000004
Training Loss: 120197.5722
X: -0.3400000000000001, Y: -0.42000000000000004
Training Loss: 50070.6044
X: -0.3000000000000001, Y: -0.42000000000000004
Training Loss: 25291.2065
X: -0.2600000000000001, Y: -0.42000000000000004
Training Loss: 14605.9518
X: -0.22000000000000014, Y: -0.42000000000000004
Training Loss: 8158.2563
X: -0.18000000000000016, Y: -0.42000000000000004
Training Loss: 3484.2540
X: -0.14000000000000018, Y: -0.42000000000000004
Training Loss: 1684.5897
X: -0.1000000000000002, Y: -0.42000000000000004
Training Loss: 764.1645
X: -0.06000000000000022, Y: -0.42000000000000004
Training Loss: 336.2706
X: -0.02000000000000024, Y: -0.42000000000000004
Training Loss: 173.9448
X: 0.019999999999999796, Y: -0.42000000000000004
Training Loss: 182.1849
X: 0.05999999999999972, Y: -0.42000000000000004
Training Loss: 271.4971
X: 0.09999999999999964, Y: -0.42000000000000004
Training Loss: 374.1130
X: 0.13999999999999968, Y: -0.42000000000000004
Training Loss: 353.2645
X: 0.17999999999999972, Y: -0.42000000000000004
Training Loss: 481.2813
X: 0.21999999999999964, Y: -0.42000000000000004
Training Loss: 768.0107
X: 0.25999999999999956, Y: -0.42000000000000004
Training Loss: 1674.9558
X: 0.2999999999999996, Y: -0.42000000000000004
Training Loss: 4536.8028
X: 0.33999999999999964, Y: -0.42000000000000004
Training Loss: 11723.0732
X: 0.37999999999999956, Y: -0.42000000000000004
Training Loss: 42267.0127
X: 0.4199999999999995, Y: -0.42000000000000004
Training Loss: 153073.3061
X: 0.4599999999999995, Y: -0.42000000000000004
Training Loss: 647172.0205
X: 0.49999999999999956, Y: -0.42000000000000004
Training Loss: 9183379.1720
X: -0.5, Y: -0.38000000000000006
Training Loss: 6783497.2720
X: -0.46, Y: -0.38000000000000006
Training Loss: 724730.1375
X: -0.42000000000000004, Y: -0.38000000000000006
Training Loss: 110156.0504
X: -0.38000000000000006, Y: -0.38000000000000006
Training Loss: 27384.7975
X: -0.3400000000000001, Y: -0.38000000000000006
Training Loss: 11658.7876
X: -0.3000000000000001, Y: -0.38000000000000006
Training Loss: 4877.1619
X: -0.2600000000000001, Y: -0.38000000000000006
Training Loss: 2672.6348
X: -0.22000000000000014, Y: -0.38000000000000006
Training Loss: 1633.7926
X: -0.18000000000000016, Y: -0.38000000000000006
Training Loss: 730.9514
X: -0.14000000000000018, Y: -0.38000000000000006
Training Loss: 290.5987
X: -0.1000000000000002, Y: -0.38000000000000006
Training Loss: 138.6581
X: -0.06000000000000022, Y: -0.38000000000000006
Training Loss: 64.9827
X: -0.02000000000000024, Y: -0.38000000000000006
Training Loss: 44.1103
X: 0.019999999999999796, Y: -0.38000000000000006
Training Loss: 57.5993
X: 0.05999999999999972, Y: -0.38000000000000006
Training Loss: 123.7231
X: 0.09999999999999964, Y: -0.38000000000000006
Training Loss: 176.0266
X: 0.13999999999999968, Y: -0.38000000000000006
Training Loss: 147.0412
X: 0.17999999999999972, Y: -0.38000000000000006
Training Loss: 144.3081
X: 0.21999999999999964, Y: -0.38000000000000006
Training Loss: 271.9672
X: 0.25999999999999956, Y: -0.38000000000000006
Training Loss: 690.5749
X: 0.2999999999999996, Y: -0.38000000000000006
Training Loss: 1719.1263
X: 0.33999999999999964, Y: -0.38000000000000006
Training Loss: 4952.0589
X: 0.37999999999999956, Y: -0.38000000000000006
Training Loss: 21068.6982
X: 0.4199999999999995, Y: -0.38000000000000006
Training Loss: 57843.1471
X: 0.4599999999999995, Y: -0.38000000000000006
Training Loss: 380203.4585
X: 0.49999999999999956, Y: -0.38000000000000006
Training Loss: 2010827.1765
X: -0.5, Y: -0.3400000000000001
Training Loss: 2276131.5510
X: -0.46, Y: -0.3400000000000001
Training Loss: 227667.5199
X: -0.42000000000000004, Y: -0.3400000000000001
Training Loss: 34981.8456
X: -0.38000000000000006, Y: -0.3400000000000001
Training Loss: 7964.2008
X: -0.3400000000000001, Y: -0.3400000000000001
Training Loss: 2224.6349
X: -0.3000000000000001, Y: -0.3400000000000001
Training Loss: 892.0466
X: -0.2600000000000001, Y: -0.3400000000000001
Training Loss: 481.0479
X: -0.22000000000000014, Y: -0.3400000000000001
Training Loss: 251.7249
X: -0.18000000000000016, Y: -0.3400000000000001
Training Loss: 111.6524
X: -0.14000000000000018, Y: -0.3400000000000001
Training Loss: 51.7980
X: -0.1000000000000002, Y: -0.3400000000000001
Training Loss: 24.0453
X: -0.06000000000000022, Y: -0.3400000000000001
Training Loss: 15.4746
X: -0.02000000000000024, Y: -0.3400000000000001
Training Loss: 11.6252
X: 0.019999999999999796, Y: -0.3400000000000001
Training Loss: 18.6099
X: 0.05999999999999972, Y: -0.3400000000000001
Training Loss: 36.2668
X: 0.09999999999999964, Y: -0.3400000000000001
Training Loss: 53.6700
X: 0.13999999999999968, Y: -0.3400000000000001
Training Loss: 49.9531
X: 0.17999999999999972, Y: -0.3400000000000001
Training Loss: 47.9968
X: 0.21999999999999964, Y: -0.3400000000000001
Training Loss: 96.7436
X: 0.25999999999999956, Y: -0.3400000000000001
Training Loss: 230.8466
X: 0.2999999999999996, Y: -0.3400000000000001
Training Loss: 824.5715
X: 0.33999999999999964, Y: -0.3400000000000001
Training Loss: 2327.2447
X: 0.37999999999999956, Y: -0.3400000000000001
Training Loss: 8468.2165
X: 0.4199999999999995, Y: -0.3400000000000001
Training Loss: 33978.0767
X: 0.4599999999999995, Y: -0.3400000000000001
Training Loss: 198799.4530
X: 0.49999999999999956, Y: -0.3400000000000001
Training Loss: 888189.8760
X: -0.5, Y: -0.3000000000000001
Training Loss: 644506.8730
X: -0.46, Y: -0.3000000000000001
Training Loss: 89591.9325
X: -0.42000000000000004, Y: -0.3000000000000001
Training Loss: 14876.9969
X: -0.38000000000000006, Y: -0.3000000000000001
Training Loss: 3558.3835
X: -0.3400000000000001, Y: -0.3000000000000001
Training Loss: 446.6182
X: -0.3000000000000001, Y: -0.3000000000000001
Training Loss: 326.6372
X: -0.2600000000000001, Y: -0.3000000000000001
Training Loss: 112.4158
X: -0.22000000000000014, Y: -0.3000000000000001
Training Loss: 54.1137
X: -0.18000000000000016, Y: -0.3000000000000001
Training Loss: 26.0994
X: -0.14000000000000018, Y: -0.3000000000000001
Training Loss: 11.7844
X: -0.1000000000000002, Y: -0.3000000000000001
Training Loss: 5.5004
X: -0.06000000000000022, Y: -0.3000000000000001
Training Loss: 4.1051
X: -0.02000000000000024, Y: -0.3000000000000001
Training Loss: 4.3767
X: 0.019999999999999796, Y: -0.3000000000000001
Training Loss: 6.8020
X: 0.05999999999999972, Y: -0.3000000000000001
Training Loss: 10.6991
X: 0.09999999999999964, Y: -0.3000000000000001
Training Loss: 14.2301
X: 0.13999999999999968, Y: -0.3000000000000001
Training Loss: 13.3525
X: 0.17999999999999972, Y: -0.3000000000000001
Training Loss: 19.8089
X: 0.21999999999999964, Y: -0.3000000000000001
Training Loss: 43.1846
X: 0.25999999999999956, Y: -0.3000000000000001
Training Loss: 97.2476
X: 0.2999999999999996, Y: -0.3000000000000001
Training Loss: 350.3756
X: 0.33999999999999964, Y: -0.3000000000000001
Training Loss: 1205.2869
X: 0.37999999999999956, Y: -0.3000000000000001
Training Loss: 2901.4264
X: 0.4199999999999995, Y: -0.3000000000000001
Training Loss: 14817.0619
X: 0.4599999999999995, Y: -0.3000000000000001
Training Loss: 78706.6529
X: 0.49999999999999956, Y: -0.3000000000000001
Training Loss: 369944.0262
X: -0.5, Y: -0.2600000000000001
Training Loss: 167876.2529
X: -0.46, Y: -0.2600000000000001
Training Loss: 28827.4387
X: -0.42000000000000004, Y: -0.2600000000000001
Training Loss: 6048.2320
X: -0.38000000000000006, Y: -0.2600000000000001
Training Loss: 1062.5810
X: -0.3400000000000001, Y: -0.2600000000000001
Training Loss: 557.8097
X: -0.3000000000000001, Y: -0.2600000000000001
Training Loss: 129.7492
X: -0.2600000000000001, Y: -0.2600000000000001
Training Loss: 50.2104
X: -0.22000000000000014, Y: -0.2600000000000001
Training Loss: 26.2916
X: -0.18000000000000016, Y: -0.2600000000000001
Training Loss: 11.2683
X: -0.14000000000000018, Y: -0.2600000000000001
Training Loss: 4.8713
X: -0.1000000000000002, Y: -0.2600000000000001
Training Loss: 1.7259
X: -0.06000000000000022, Y: -0.2600000000000001
Training Loss: 1.3741
X: -0.02000000000000024, Y: -0.2600000000000001
Training Loss: 2.1963
X: 0.019999999999999796, Y: -0.2600000000000001
Training Loss: 2.8954
X: 0.05999999999999972, Y: -0.2600000000000001
Training Loss: 4.1473
X: 0.09999999999999964, Y: -0.2600000000000001
Training Loss: 5.2699
X: 0.13999999999999968, Y: -0.2600000000000001
Training Loss: 6.0788
X: 0.17999999999999972, Y: -0.2600000000000001
Training Loss: 10.9111
X: 0.21999999999999964, Y: -0.2600000000000001
Training Loss: 23.7570
X: 0.25999999999999956, Y: -0.2600000000000001
Training Loss: 63.3214
X: 0.2999999999999996, Y: -0.2600000000000001
Training Loss: 246.9262
X: 0.33999999999999964, Y: -0.2600000000000001
Training Loss: 789.2478
X: 0.37999999999999956, Y: -0.2600000000000001
Training Loss: 1583.8576
X: 0.4199999999999995, Y: -0.2600000000000001
Training Loss: 5992.9496
X: 0.4599999999999995, Y: -0.2600000000000001
Training Loss: 31454.6838
X: 0.49999999999999956, Y: -0.2600000000000001
Training Loss: 199798.3868
X: -0.5, Y: -0.22000000000000014
Training Loss: 74682.9814
X: -0.46, Y: -0.22000000000000014
Training Loss: 14674.8402
X: -0.42000000000000004, Y: -0.22000000000000014
Training Loss: 3442.5314
X: -0.38000000000000006, Y: -0.22000000000000014
Training Loss: 540.4058
X: -0.3400000000000001, Y: -0.22000000000000014
Training Loss: 305.1655
X: -0.3000000000000001, Y: -0.22000000000000014
Training Loss: 171.4852
X: -0.2600000000000001, Y: -0.22000000000000014
Training Loss: 86.3656
X: -0.22000000000000014, Y: -0.22000000000000014
Training Loss: 13.9146
X: -0.18000000000000016, Y: -0.22000000000000014
Training Loss: 8.5594
X: -0.14000000000000018, Y: -0.22000000000000014
Training Loss: 1.9405
X: -0.1000000000000002, Y: -0.22000000000000014
Training Loss: 1.0639
X: -0.06000000000000022, Y: -0.22000000000000014
Training Loss: 0.6609
X: -0.02000000000000024, Y: -0.22000000000000014
Training Loss: 0.8095
X: 0.019999999999999796, Y: -0.22000000000000014
Training Loss: 1.2774
X: 0.05999999999999972, Y: -0.22000000000000014
Training Loss: 2.0660
X: 0.09999999999999964, Y: -0.22000000000000014
Training Loss: 3.1690
X: 0.13999999999999968, Y: -0.22000000000000014
Training Loss: 4.4891
X: 0.17999999999999972, Y: -0.22000000000000014
Training Loss: 6.9484
X: 0.21999999999999964, Y: -0.22000000000000014
Training Loss: 13.2309
X: 0.25999999999999956, Y: -0.22000000000000014
Training Loss: 38.8082
X: 0.2999999999999996, Y: -0.22000000000000014
Training Loss: 132.2268
X: 0.33999999999999964, Y: -0.22000000000000014
Training Loss: 436.6366
X: 0.37999999999999956, Y: -0.22000000000000014
Training Loss: 942.8576
X: 0.4199999999999995, Y: -0.22000000000000014
Training Loss: 2577.1275
X: 0.4599999999999995, Y: -0.22000000000000014
Training Loss: 14280.7922
X: 0.49999999999999956, Y: -0.22000000000000014
Training Loss: 77334.7656
X: -0.5, Y: -0.18000000000000016
Training Loss: 46454.5860
X: -0.46, Y: -0.18000000000000016
Training Loss: 7663.2918
X: -0.42000000000000004, Y: -0.18000000000000016
Training Loss: 1721.3349
X: -0.38000000000000006, Y: -0.18000000000000016
Training Loss: 424.3514
X: -0.3400000000000001, Y: -0.18000000000000016
Training Loss: 152.8514
X: -0.3000000000000001, Y: -0.18000000000000016
Training Loss: 203.1058
X: -0.2600000000000001, Y: -0.18000000000000016
Training Loss: 56.0573
X: -0.22000000000000014, Y: -0.18000000000000016
Training Loss: 17.8140
X: -0.18000000000000016, Y: -0.18000000000000016
Training Loss: 5.2687
X: -0.14000000000000018, Y: -0.18000000000000016
Training Loss: 2.3126
X: -0.1000000000000002, Y: -0.18000000000000016
Training Loss: 0.8163
X: -0.06000000000000022, Y: -0.18000000000000016
Training Loss: 0.5816
X: -0.02000000000000024, Y: -0.18000000000000016
Training Loss: 0.6549
X: 0.019999999999999796, Y: -0.18000000000000016
Training Loss: 1.6279
X: 0.05999999999999972, Y: -0.18000000000000016
Training Loss: 2.4066
X: 0.09999999999999964, Y: -0.18000000000000016
Training Loss: 3.1440
X: 0.13999999999999968, Y: -0.18000000000000016
Training Loss: 3.8826
X: 0.17999999999999972, Y: -0.18000000000000016
Training Loss: 4.5871
X: 0.21999999999999964, Y: -0.18000000000000016
Training Loss: 9.9623
X: 0.25999999999999956, Y: -0.18000000000000016
Training Loss: 20.9709
X: 0.2999999999999996, Y: -0.18000000000000016
Training Loss: 64.4635
X: 0.33999999999999964, Y: -0.18000000000000016
Training Loss: 203.2340
X: 0.37999999999999956, Y: -0.18000000000000016
Training Loss: 600.8594
X: 0.4199999999999995, Y: -0.18000000000000016
Training Loss: 1679.0966
X: 0.4599999999999995, Y: -0.18000000000000016
Training Loss: 7263.5927
X: 0.49999999999999956, Y: -0.18000000000000016
Training Loss: 32235.7146
X: -0.5, Y: -0.14000000000000018
Training Loss: 22676.4323
X: -0.46, Y: -0.14000000000000018
Training Loss: 4476.5187
X: -0.42000000000000004, Y: -0.14000000000000018
Training Loss: 1402.7353
X: -0.38000000000000006, Y: -0.14000000000000018
Training Loss: 541.7697
X: -0.3400000000000001, Y: -0.14000000000000018
Training Loss: 64.3024
X: -0.3000000000000001, Y: -0.14000000000000018
Training Loss: 51.8484
X: -0.2600000000000001, Y: -0.14000000000000018
Training Loss: 25.4302
X: -0.22000000000000014, Y: -0.14000000000000018
Training Loss: 5.8759
X: -0.18000000000000016, Y: -0.14000000000000018
Training Loss: 4.2864
X: -0.14000000000000018, Y: -0.14000000000000018
Training Loss: 3.8877
X: -0.1000000000000002, Y: -0.14000000000000018
Training Loss: 2.7312
X: -0.06000000000000022, Y: -0.14000000000000018
Training Loss: 0.4307
X: -0.02000000000000024, Y: -0.14000000000000018
Training Loss: 0.7768
X: 0.019999999999999796, Y: -0.14000000000000018
Training Loss: 1.7913
X: 0.05999999999999972, Y: -0.14000000000000018
Training Loss: 2.8810
X: 0.09999999999999964, Y: -0.14000000000000018
Training Loss: 2.7899
X: 0.13999999999999968, Y: -0.14000000000000018
Training Loss: 2.7826
X: 0.17999999999999972, Y: -0.14000000000000018
Training Loss: 4.1144
X: 0.21999999999999964, Y: -0.14000000000000018
Training Loss: 6.4703
X: 0.25999999999999956, Y: -0.14000000000000018
Training Loss: 12.4715
X: 0.2999999999999996, Y: -0.14000000000000018
Training Loss: 51.8065
X: 0.33999999999999964, Y: -0.14000000000000018
Training Loss: 181.5447
X: 0.37999999999999956, Y: -0.14000000000000018
Training Loss: 480.7383
X: 0.4199999999999995, Y: -0.14000000000000018
Training Loss: 1001.0072
X: 0.4599999999999995, Y: -0.14000000000000018
Training Loss: 5208.2320
X: 0.49999999999999956, Y: -0.14000000000000018
Training Loss: 25592.0229
X: -0.5, Y: -0.1000000000000002
Training Loss: 12292.7266
X: -0.46, Y: -0.1000000000000002
Training Loss: 3175.5193
X: -0.42000000000000004, Y: -0.1000000000000002
Training Loss: 1113.7101
X: -0.38000000000000006, Y: -0.1000000000000002
Training Loss: 363.9729
X: -0.3400000000000001, Y: -0.1000000000000002
Training Loss: 79.8886
X: -0.3000000000000001, Y: -0.1000000000000002
Training Loss: 52.2368
X: -0.2600000000000001, Y: -0.1000000000000002
Training Loss: 28.2784
X: -0.22000000000000014, Y: -0.1000000000000002
Training Loss: 11.0973
X: -0.18000000000000016, Y: -0.1000000000000002
Training Loss: 3.3825
X: -0.14000000000000018, Y: -0.1000000000000002
Training Loss: 1.5721
X: -0.1000000000000002, Y: -0.1000000000000002
Training Loss: 1.3018
X: -0.06000000000000022, Y: -0.1000000000000002
Training Loss: 1.2433
X: -0.02000000000000024, Y: -0.1000000000000002
Training Loss: 0.9838
X: 0.019999999999999796, Y: -0.1000000000000002
Training Loss: 1.3228
X: 0.05999999999999972, Y: -0.1000000000000002
Training Loss: 1.4298
X: 0.09999999999999964, Y: -0.1000000000000002
Training Loss: 1.3788
X: 0.13999999999999968, Y: -0.1000000000000002
Training Loss: 1.8387
X: 0.17999999999999972, Y: -0.1000000000000002
Training Loss: 2.0260
X: 0.21999999999999964, Y: -0.1000000000000002
Training Loss: 6.9629
X: 0.25999999999999956, Y: -0.1000000000000002
Training Loss: 29.6212
X: 0.2999999999999996, Y: -0.1000000000000002
Training Loss: 106.0502
X: 0.33999999999999964, Y: -0.1000000000000002
Training Loss: 311.5324
X: 0.37999999999999956, Y: -0.1000000000000002
Training Loss: 671.1602
X: 0.4199999999999995, Y: -0.1000000000000002
Training Loss: 1101.1409
X: 0.4599999999999995, Y: -0.1000000000000002
Training Loss: 2887.7231
X: 0.49999999999999956, Y: -0.1000000000000002
Training Loss: 21668.1017
X: -0.5, Y: -0.06000000000000022
Training Loss: 7404.0852
X: -0.46, Y: -0.06000000000000022
Training Loss: 2194.9594
X: -0.42000000000000004, Y: -0.06000000000000022
Training Loss: 767.1713
X: -0.38000000000000006, Y: -0.06000000000000022
Training Loss: 157.0425
X: -0.3400000000000001, Y: -0.06000000000000022
Training Loss: 59.8636
X: -0.3000000000000001, Y: -0.06000000000000022
Training Loss: 24.7824
X: -0.2600000000000001, Y: -0.06000000000000022
Training Loss: 23.4376
X: -0.22000000000000014, Y: -0.06000000000000022
Training Loss: 7.5459
X: -0.18000000000000016, Y: -0.06000000000000022
Training Loss: 3.4822
X: -0.14000000000000018, Y: -0.06000000000000022
Training Loss: 1.9851
X: -0.1000000000000002, Y: -0.06000000000000022
Training Loss: 1.8678
X: -0.06000000000000022, Y: -0.06000000000000022
Training Loss: 1.5553
X: -0.02000000000000024, Y: -0.06000000000000022
Training Loss: 1.4303
X: 0.019999999999999796, Y: -0.06000000000000022
Training Loss: 1.3559
X: 0.05999999999999972, Y: -0.06000000000000022
Training Loss: 0.7904
X: 0.09999999999999964, Y: -0.06000000000000022
Training Loss: 1.0051
X: 0.13999999999999968, Y: -0.06000000000000022
Training Loss: 1.2348
X: 0.17999999999999972, Y: -0.06000000000000022
Training Loss: 2.2385
X: 0.21999999999999964, Y: -0.06000000000000022
Training Loss: 5.1008
X: 0.25999999999999956, Y: -0.06000000000000022
Training Loss: 11.0029
X: 0.2999999999999996, Y: -0.06000000000000022
Training Loss: 39.2206
X: 0.33999999999999964, Y: -0.06000000000000022
Training Loss: 142.4591
X: 0.37999999999999956, Y: -0.06000000000000022
Training Loss: 340.9961
X: 0.4199999999999995, Y: -0.06000000000000022
Training Loss: 552.3272
X: 0.4599999999999995, Y: -0.06000000000000022
Training Loss: 1319.5055
X: 0.49999999999999956, Y: -0.06000000000000022
Training Loss: 8392.5006
X: -0.5, Y: -0.02000000000000024
Training Loss: 5945.7920
X: -0.46, Y: -0.02000000000000024
Training Loss: 1272.4023
X: -0.42000000000000004, Y: -0.02000000000000024
Training Loss: 426.2117
X: -0.38000000000000006, Y: -0.02000000000000024
Training Loss: 247.3583
X: -0.3400000000000001, Y: -0.02000000000000024
Training Loss: 109.2636
X: -0.3000000000000001, Y: -0.02000000000000024
Training Loss: 31.1265
X: -0.2600000000000001, Y: -0.02000000000000024
Training Loss: 8.8886
X: -0.22000000000000014, Y: -0.02000000000000024
Training Loss: 4.3259
X: -0.18000000000000016, Y: -0.02000000000000024
Training Loss: 2.1312
X: -0.14000000000000018, Y: -0.02000000000000024
Training Loss: 2.0130
X: -0.1000000000000002, Y: -0.02000000000000024
Training Loss: 1.6690
X: -0.06000000000000022, Y: -0.02000000000000024
Training Loss: 1.9537
X: -0.02000000000000024, Y: -0.02000000000000024
Training Loss: 1.4235
X: 0.019999999999999796, Y: -0.02000000000000024
Training Loss: 0.4644
X: 0.05999999999999972, Y: -0.02000000000000024
Training Loss: 0.7799
X: 0.09999999999999964, Y: -0.02000000000000024
Training Loss: 1.1602
X: 0.13999999999999968, Y: -0.02000000000000024
Training Loss: 1.5346
X: 0.17999999999999972, Y: -0.02000000000000024
Training Loss: 2.4509
X: 0.21999999999999964, Y: -0.02000000000000024
Training Loss: 2.8290
X: 0.25999999999999956, Y: -0.02000000000000024
Training Loss: 6.5388
X: 0.2999999999999996, Y: -0.02000000000000024
Training Loss: 15.0969
X: 0.33999999999999964, Y: -0.02000000000000024
Training Loss: 20.6849
X: 0.37999999999999956, Y: -0.02000000000000024
Training Loss: 34.1150
X: 0.4199999999999995, Y: -0.02000000000000024
Training Loss: 55.7265
X: 0.4599999999999995, Y: -0.02000000000000024
Training Loss: 150.5615
X: 0.49999999999999956, Y: -0.02000000000000024
Training Loss: 757.3534
X: -0.5, Y: 0.019999999999999796
Training Loss: 8844.3876
X: -0.46, Y: 0.019999999999999796
Training Loss: 2892.4366
X: -0.42000000000000004, Y: 0.019999999999999796
Training Loss: 842.8856
X: -0.38000000000000006, Y: 0.019999999999999796
Training Loss: 223.0412
X: -0.3400000000000001, Y: 0.019999999999999796
Training Loss: 60.7516
X: -0.3000000000000001, Y: 0.019999999999999796
Training Loss: 20.8348
X: -0.2600000000000001, Y: 0.019999999999999796
Training Loss: 10.3687
X: -0.22000000000000014, Y: 0.019999999999999796
Training Loss: 6.8849
X: -0.18000000000000016, Y: 0.019999999999999796
Training Loss: 3.1156
X: -0.14000000000000018, Y: 0.019999999999999796
Training Loss: 1.9076
X: -0.1000000000000002, Y: 0.019999999999999796
Training Loss: 0.7832
X: -0.06000000000000022, Y: 0.019999999999999796
Training Loss: 1.2892
X: -0.02000000000000024, Y: 0.019999999999999796
Training Loss: 0.3180
X: 0.019999999999999796, Y: 0.019999999999999796
Training Loss: 0.5509
X: 0.05999999999999972, Y: 0.019999999999999796
Training Loss: 0.7327
X: 0.09999999999999964, Y: 0.019999999999999796
Training Loss: 1.5880
X: 0.13999999999999968, Y: 0.019999999999999796
Training Loss: 2.1895
X: 0.17999999999999972, Y: 0.019999999999999796
Training Loss: 3.0492
X: 0.21999999999999964, Y: 0.019999999999999796
Training Loss: 5.7925
X: 0.25999999999999956, Y: 0.019999999999999796
Training Loss: 8.9588
X: 0.2999999999999996, Y: 0.019999999999999796
Training Loss: 12.1705
X: 0.33999999999999964, Y: 0.019999999999999796
Training Loss: 15.7483
X: 0.37999999999999956, Y: 0.019999999999999796
Training Loss: 27.6786
X: 0.4199999999999995, Y: 0.019999999999999796
Training Loss: 52.1192
X: 0.4599999999999995, Y: 0.019999999999999796
Training Loss: 62.1720
X: 0.49999999999999956, Y: 0.019999999999999796
Training Loss: 336.8149
X: -0.5, Y: 0.05999999999999972
Training Loss: 8246.1051
X: -0.46, Y: 0.05999999999999972
Training Loss: 2422.7784
X: -0.42000000000000004, Y: 0.05999999999999972
Training Loss: 756.6417
X: -0.38000000000000006, Y: 0.05999999999999972
Training Loss: 228.5330
X: -0.3400000000000001, Y: 0.05999999999999972
Training Loss: 39.1065
X: -0.3000000000000001, Y: 0.05999999999999972
Training Loss: 16.3351
X: -0.2600000000000001, Y: 0.05999999999999972
Training Loss: 11.8189
X: -0.22000000000000014, Y: 0.05999999999999972
Training Loss: 6.8463
X: -0.18000000000000016, Y: 0.05999999999999972
Training Loss: 3.8599
X: -0.14000000000000018, Y: 0.05999999999999972
Training Loss: 0.9880
X: -0.1000000000000002, Y: 0.05999999999999972
Training Loss: 1.1736
X: -0.06000000000000022, Y: 0.05999999999999972
Training Loss: 0.4815
X: -0.02000000000000024, Y: 0.05999999999999972
Training Loss: 0.4845
X: 0.019999999999999796, Y: 0.05999999999999972
Training Loss: 0.9259
X: 0.05999999999999972, Y: 0.05999999999999972
Training Loss: 1.6632
X: 0.09999999999999964, Y: 0.05999999999999972
Training Loss: 3.0516
X: 0.13999999999999968, Y: 0.05999999999999972
Training Loss: 5.1799
X: 0.17999999999999972, Y: 0.05999999999999972
Training Loss: 8.2368
X: 0.21999999999999964, Y: 0.05999999999999972
Training Loss: 15.5281
X: 0.25999999999999956, Y: 0.05999999999999972
Training Loss: 22.8851
X: 0.2999999999999996, Y: 0.05999999999999972
Training Loss: 22.0877
X: 0.33999999999999964, Y: 0.05999999999999972
Training Loss: 20.2786
X: 0.37999999999999956, Y: 0.05999999999999972
Training Loss: 22.3522
X: 0.4199999999999995, Y: 0.05999999999999972
Training Loss: 52.5103
X: 0.4599999999999995, Y: 0.05999999999999972
Training Loss: 100.9643
X: 0.49999999999999956, Y: 0.05999999999999972
Training Loss: 336.5891
X: -0.5, Y: 0.09999999999999964
Training Loss: 8849.7851
X: -0.46, Y: 0.09999999999999964
Training Loss: 1207.9601
X: -0.42000000000000004, Y: 0.09999999999999964
Training Loss: 292.8991
X: -0.38000000000000006, Y: 0.09999999999999964
Training Loss: 107.3285
X: -0.3400000000000001, Y: 0.09999999999999964
Training Loss: 23.2991
X: -0.3000000000000001, Y: 0.09999999999999964
Training Loss: 15.3764
X: -0.2600000000000001, Y: 0.09999999999999964
Training Loss: 10.4138
X: -0.22000000000000014, Y: 0.09999999999999964
Training Loss: 3.0316
X: -0.18000000000000016, Y: 0.09999999999999964
Training Loss: 3.4747
X: -0.14000000000000018, Y: 0.09999999999999964
Training Loss: 1.0630
X: -0.1000000000000002, Y: 0.09999999999999964
Training Loss: 1.1029
X: -0.06000000000000022, Y: 0.09999999999999964
Training Loss: 1.3802
X: -0.02000000000000024, Y: 0.09999999999999964
Training Loss: 2.6414
X: 0.019999999999999796, Y: 0.09999999999999964
Training Loss: 3.9102
X: 0.05999999999999972, Y: 0.09999999999999964
Training Loss: 5.2006
X: 0.09999999999999964, Y: 0.09999999999999964
Training Loss: 7.2084
X: 0.13999999999999968, Y: 0.09999999999999964
Training Loss: 9.2337
X: 0.17999999999999972, Y: 0.09999999999999964
Training Loss: 13.1674
X: 0.21999999999999964, Y: 0.09999999999999964
Training Loss: 24.5484
X: 0.25999999999999956, Y: 0.09999999999999964
Training Loss: 34.0228
X: 0.2999999999999996, Y: 0.09999999999999964
Training Loss: 35.8672
X: 0.33999999999999964, Y: 0.09999999999999964
Training Loss: 25.5113
X: 0.37999999999999956, Y: 0.09999999999999964
Training Loss: 26.7288
X: 0.4199999999999995, Y: 0.09999999999999964
Training Loss: 67.9772
X: 0.4599999999999995, Y: 0.09999999999999964
Training Loss: 212.4641
X: 0.49999999999999956, Y: 0.09999999999999964
Training Loss: 409.9454
X: -0.5, Y: 0.13999999999999968
Training Loss: 16941.7089
X: -0.46, Y: 0.13999999999999968
Training Loss: 1261.5778
X: -0.42000000000000004, Y: 0.13999999999999968
Training Loss: 295.5468
X: -0.38000000000000006, Y: 0.13999999999999968
Training Loss: 129.9263
X: -0.3400000000000001, Y: 0.13999999999999968
Training Loss: 36.3770
X: -0.3000000000000001, Y: 0.13999999999999968
Training Loss: 10.8855
X: -0.2600000000000001, Y: 0.13999999999999968
Training Loss: 5.7148
X: -0.22000000000000014, Y: 0.13999999999999968
Training Loss: 3.6300
X: -0.18000000000000016, Y: 0.13999999999999968
Training Loss: 4.5201
X: -0.14000000000000018, Y: 0.13999999999999968
Training Loss: 2.5381
X: -0.1000000000000002, Y: 0.13999999999999968
Training Loss: 3.5331
X: -0.06000000000000022, Y: 0.13999999999999968
Training Loss: 7.5569
X: -0.02000000000000024, Y: 0.13999999999999968
Training Loss: 12.7513
X: 0.019999999999999796, Y: 0.13999999999999968
Training Loss: 12.1883
X: 0.05999999999999972, Y: 0.13999999999999968
Training Loss: 17.1271
X: 0.09999999999999964, Y: 0.13999999999999968
Training Loss: 19.3343
X: 0.13999999999999968, Y: 0.13999999999999968
Training Loss: 17.9786
X: 0.17999999999999972, Y: 0.13999999999999968
Training Loss: 17.4974
X: 0.21999999999999964, Y: 0.13999999999999968
Training Loss: 27.9693
X: 0.25999999999999956, Y: 0.13999999999999968
Training Loss: 53.0104
X: 0.2999999999999996, Y: 0.13999999999999968
Training Loss: 66.8552
X: 0.33999999999999964, Y: 0.13999999999999968
Training Loss: 54.8229
X: 0.37999999999999956, Y: 0.13999999999999968
Training Loss: 54.7003
X: 0.4199999999999995, Y: 0.13999999999999968
Training Loss: 104.8754
X: 0.4599999999999995, Y: 0.13999999999999968
Training Loss: 353.0380
X: 0.49999999999999956, Y: 0.13999999999999968
Training Loss: 722.8031
X: -0.5, Y: 0.17999999999999972
Training Loss: 14625.5870
X: -0.46, Y: 0.17999999999999972
Training Loss: 2292.1600
X: -0.42000000000000004, Y: 0.17999999999999972
Training Loss: 597.4807
X: -0.38000000000000006, Y: 0.17999999999999972
Training Loss: 229.6404
X: -0.3400000000000001, Y: 0.17999999999999972
Training Loss: 55.1144
X: -0.3000000000000001, Y: 0.17999999999999972
Training Loss: 18.0804
X: -0.2600000000000001, Y: 0.17999999999999972
Training Loss: 18.3516
X: -0.22000000000000014, Y: 0.17999999999999972
Training Loss: 8.5748
X: -0.18000000000000016, Y: 0.17999999999999972
Training Loss: 6.5764
X: -0.14000000000000018, Y: 0.17999999999999972
Training Loss: 4.6432
X: -0.1000000000000002, Y: 0.17999999999999972
Training Loss: 12.8023
X: -0.06000000000000022, Y: 0.17999999999999972
Training Loss: 26.5310
X: -0.02000000000000024, Y: 0.17999999999999972
Training Loss: 40.1650
X: 0.019999999999999796, Y: 0.17999999999999972
Training Loss: 40.8556
X: 0.05999999999999972, Y: 0.17999999999999972
Training Loss: 48.1221
X: 0.09999999999999964, Y: 0.17999999999999972
Training Loss: 55.2649
X: 0.13999999999999968, Y: 0.17999999999999972
Training Loss: 61.2385
X: 0.17999999999999972, Y: 0.17999999999999972
Training Loss: 56.9911
X: 0.21999999999999964, Y: 0.17999999999999972
Training Loss: 56.0237
X: 0.25999999999999956, Y: 0.17999999999999972
Training Loss: 82.9423
X: 0.2999999999999996, Y: 0.17999999999999972
Training Loss: 113.5971
X: 0.33999999999999964, Y: 0.17999999999999972
Training Loss: 111.2483
X: 0.37999999999999956, Y: 0.17999999999999972
Training Loss: 128.0624
X: 0.4199999999999995, Y: 0.17999999999999972
Training Loss: 187.1403
X: 0.4599999999999995, Y: 0.17999999999999972
Training Loss: 599.0939
X: 0.49999999999999956, Y: 0.17999999999999972
Training Loss: 1824.5643
X: -0.5, Y: 0.21999999999999964
Training Loss: 12353.6358
X: -0.46, Y: 0.21999999999999964
Training Loss: 3608.4640
X: -0.42000000000000004, Y: 0.21999999999999964
Training Loss: 1291.7608
X: -0.38000000000000006, Y: 0.21999999999999964
Training Loss: 384.9082
X: -0.3400000000000001, Y: 0.21999999999999964
Training Loss: 83.7372
X: -0.3000000000000001, Y: 0.21999999999999964
Training Loss: 41.7872
X: -0.2600000000000001, Y: 0.21999999999999964
Training Loss: 18.9347
X: -0.22000000000000014, Y: 0.21999999999999964
Training Loss: 11.6151
X: -0.18000000000000016, Y: 0.21999999999999964
Training Loss: 8.6965
X: -0.14000000000000018, Y: 0.21999999999999964
Training Loss: 17.2310
X: -0.1000000000000002, Y: 0.21999999999999964
Training Loss: 37.4133
X: -0.06000000000000022, Y: 0.21999999999999964
Training Loss: 66.3795
X: -0.02000000000000024, Y: 0.21999999999999964
Training Loss: 102.8919
X: 0.019999999999999796, Y: 0.21999999999999964
Training Loss: 122.9282
X: 0.05999999999999972, Y: 0.21999999999999964
Training Loss: 131.8037
X: 0.09999999999999964, Y: 0.21999999999999964
Training Loss: 141.9782
X: 0.13999999999999968, Y: 0.21999999999999964
Training Loss: 138.2796
X: 0.17999999999999972, Y: 0.21999999999999964
Training Loss: 133.1704
X: 0.21999999999999964, Y: 0.21999999999999964
Training Loss: 133.6013
X: 0.25999999999999956, Y: 0.21999999999999964
Training Loss: 150.9697
X: 0.2999999999999996, Y: 0.21999999999999964
Training Loss: 195.8723
X: 0.33999999999999964, Y: 0.21999999999999964
Training Loss: 416.4534
X: 0.37999999999999956, Y: 0.21999999999999964
Training Loss: 1310.0439
X: 0.4199999999999995, Y: 0.21999999999999964
Training Loss: 4476.9061
X: 0.4599999999999995, Y: 0.21999999999999964
Training Loss: 13147.1265
X: 0.49999999999999956, Y: 0.21999999999999964
Training Loss: 36630.1843
X: -0.5, Y: 0.25999999999999956
Training Loss: 26183.8813
X: -0.46, Y: 0.25999999999999956
Training Loss: 8000.7438
X: -0.42000000000000004, Y: 0.25999999999999956
Training Loss: 1919.4249
X: -0.38000000000000006, Y: 0.25999999999999956
Training Loss: 449.9210
X: -0.3400000000000001, Y: 0.25999999999999956
Training Loss: 157.9852
X: -0.3000000000000001, Y: 0.25999999999999956
Training Loss: 72.1097
X: -0.2600000000000001, Y: 0.25999999999999956
Training Loss: 29.0621
X: -0.22000000000000014, Y: 0.25999999999999956
Training Loss: 15.8866
X: -0.18000000000000016, Y: 0.25999999999999956
Training Loss: 22.5018
X: -0.14000000000000018, Y: 0.25999999999999956
Training Loss: 56.5226
X: -0.1000000000000002, Y: 0.25999999999999956
Training Loss: 96.0138
X: -0.06000000000000022, Y: 0.25999999999999956
Training Loss: 160.2395
X: -0.02000000000000024, Y: 0.25999999999999956
Training Loss: 203.1642
X: 0.019999999999999796, Y: 0.25999999999999956
Training Loss: 256.3753
X: 0.05999999999999972, Y: 0.25999999999999956
Training Loss: 295.0621
X: 0.09999999999999964, Y: 0.25999999999999956
Training Loss: 296.5201
X: 0.13999999999999968, Y: 0.25999999999999956
Training Loss: 291.3695
X: 0.17999999999999972, Y: 0.25999999999999956
Training Loss: 289.2422
X: 0.21999999999999964, Y: 0.25999999999999956
Training Loss: 315.4556
X: 0.25999999999999956, Y: 0.25999999999999956
Training Loss: 540.8785
X: 0.2999999999999996, Y: 0.25999999999999956
Training Loss: 1393.9254
X: 0.33999999999999964, Y: 0.25999999999999956
Training Loss: 5260.4059
X: 0.37999999999999956, Y: 0.25999999999999956
Training Loss: 20704.6112
X: 0.4199999999999995, Y: 0.25999999999999956
Training Loss: 70051.5712
X: 0.4599999999999995, Y: 0.25999999999999956
Training Loss: 233681.3573
X: 0.49999999999999956, Y: 0.25999999999999956
Training Loss: 987733.4735
X: -0.5, Y: 0.2999999999999996
Training Loss: 35899.5305
X: -0.46, Y: 0.2999999999999996
Training Loss: 7787.2172
X: -0.42000000000000004, Y: 0.2999999999999996
Training Loss: 1891.8553
X: -0.38000000000000006, Y: 0.2999999999999996
Training Loss: 597.4821
X: -0.3400000000000001, Y: 0.2999999999999996
Training Loss: 317.3358
X: -0.3000000000000001, Y: 0.2999999999999996
Training Loss: 226.3245
X: -0.2600000000000001, Y: 0.2999999999999996
Training Loss: 126.3055
X: -0.22000000000000014, Y: 0.2999999999999996
Training Loss: 100.6678
X: -0.18000000000000016, Y: 0.2999999999999996
Training Loss: 114.7718
X: -0.14000000000000018, Y: 0.2999999999999996
Training Loss: 194.9108
X: -0.1000000000000002, Y: 0.2999999999999996
Training Loss: 291.4221
X: -0.06000000000000022, Y: 0.2999999999999996
Training Loss: 386.0839
X: -0.02000000000000024, Y: 0.2999999999999996
Training Loss: 470.6838
X: 0.019999999999999796, Y: 0.2999999999999996
Training Loss: 660.5345
X: 0.05999999999999972, Y: 0.2999999999999996
Training Loss: 928.8911
X: 0.09999999999999964, Y: 0.2999999999999996
Training Loss: 1124.1280
X: 0.13999999999999968, Y: 0.2999999999999996
Training Loss: 1106.1371
X: 0.17999999999999972, Y: 0.2999999999999996
Training Loss: 1283.7899
X: 0.21999999999999964, Y: 0.2999999999999996
Training Loss: 1878.5852
X: 0.25999999999999956, Y: 0.2999999999999996
Training Loss: 3673.6324
X: 0.2999999999999996, Y: 0.2999999999999996
Training Loss: 10487.9046
X: 0.33999999999999964, Y: 0.2999999999999996
Training Loss: 48647.3585
X: 0.37999999999999956, Y: 0.2999999999999996
Training Loss: 162519.2314
X: 0.4199999999999995, Y: 0.2999999999999996
Training Loss: 591934.2216
X: 0.4599999999999995, Y: 0.2999999999999996
Training Loss: 2324752.8830
X: 0.49999999999999956, Y: 0.2999999999999996
Training Loss: 8884353.9640
X: -0.5, Y: 0.33999999999999964
Training Loss: 97823.5393
X: -0.46, Y: 0.33999999999999964
Training Loss: 16271.2471
X: -0.42000000000000004, Y: 0.33999999999999964
Training Loss: 3512.9932
X: -0.38000000000000006, Y: 0.33999999999999964
Training Loss: 1368.9456
X: -0.3400000000000001, Y: 0.33999999999999964
Training Loss: 978.8714
X: -0.3000000000000001, Y: 0.33999999999999964
Training Loss: 735.8883
X: -0.2600000000000001, Y: 0.33999999999999964
Training Loss: 675.2679
X: -0.22000000000000014, Y: 0.33999999999999964
Training Loss: 544.4275
X: -0.18000000000000016, Y: 0.33999999999999964
Training Loss: 545.2778
X: -0.14000000000000018, Y: 0.33999999999999964
Training Loss: 674.5069
X: -0.1000000000000002, Y: 0.33999999999999964
Training Loss: 913.9235
X: -0.06000000000000022, Y: 0.33999999999999964
Training Loss: 1274.2170
X: -0.02000000000000024, Y: 0.33999999999999964
Training Loss: 1955.7340
X: 0.019999999999999796, Y: 0.33999999999999964
Training Loss: 3184.6901
X: 0.05999999999999972, Y: 0.33999999999999964
Training Loss: 3893.1840
X: 0.09999999999999964, Y: 0.33999999999999964
Training Loss: 3817.0904
X: 0.13999999999999968, Y: 0.33999999999999964
Training Loss: 3574.3649
X: 0.17999999999999972, Y: 0.33999999999999964
Training Loss: 4091.7415
X: 0.21999999999999964, Y: 0.33999999999999964
Training Loss: 10864.7586
X: 0.25999999999999956, Y: 0.33999999999999964
Training Loss: 27895.7584
X: 0.2999999999999996, Y: 0.33999999999999964
Training Loss: 72435.3938
X: 0.33999999999999964, Y: 0.33999999999999964
Training Loss: 274607.5133
X: 0.37999999999999956, Y: 0.33999999999999964
Training Loss: 1154670.0510
X: 0.4199999999999995, Y: 0.33999999999999964
Training Loss: 3865641.3480
X: 0.4599999999999995, Y: 0.33999999999999964
Training Loss: 13529104.3380
X: 0.49999999999999956, Y: 0.33999999999999964
Training Loss: 51949519.7920
X: -0.5, Y: 0.37999999999999956
Training Loss: 294316.2994
X: -0.46, Y: 0.37999999999999956
Training Loss: 48097.5520
X: -0.42000000000000004, Y: 0.37999999999999956
Training Loss: 10394.5474
X: -0.38000000000000006, Y: 0.37999999999999956
Training Loss: 4269.2822
X: -0.3400000000000001, Y: 0.37999999999999956
Training Loss: 2977.8152
X: -0.3000000000000001, Y: 0.37999999999999956
Training Loss: 3166.3791
X: -0.2600000000000001, Y: 0.37999999999999956
Training Loss: 2962.9591
X: -0.22000000000000014, Y: 0.37999999999999956
Training Loss: 2617.3989
X: -0.18000000000000016, Y: 0.37999999999999956
Training Loss: 2380.3383
X: -0.14000000000000018, Y: 0.37999999999999956
Training Loss: 2412.7270
X: -0.1000000000000002, Y: 0.37999999999999956
Training Loss: 3466.2777
X: -0.06000000000000022, Y: 0.37999999999999956
Training Loss: 5602.0950
X: -0.02000000000000024, Y: 0.37999999999999956
Training Loss: 8627.8857
X: 0.019999999999999796, Y: 0.37999999999999956
Training Loss: 13031.1044
X: 0.05999999999999972, Y: 0.37999999999999956
Training Loss: 15986.5625
X: 0.09999999999999964, Y: 0.37999999999999956
Training Loss: 16348.0533
X: 0.13999999999999968, Y: 0.37999999999999956
Training Loss: 17084.0385
X: 0.17999999999999972, Y: 0.37999999999999956
Training Loss: 25571.6666
X: 0.21999999999999964, Y: 0.37999999999999956
Training Loss: 81040.9912
X: 0.25999999999999956, Y: 0.37999999999999956
Training Loss: 176610.8480
X: 0.2999999999999996, Y: 0.37999999999999956
Training Loss: 461773.5960
X: 0.33999999999999964, Y: 0.37999999999999956
Training Loss: 1643542.6550
X: 0.37999999999999956, Y: 0.37999999999999956
Training Loss: 6311055.9140
X: 0.4199999999999995, Y: 0.37999999999999956
Training Loss: 19245805.9760
X: 0.4599999999999995, Y: 0.37999999999999956
Training Loss: 68876833.9840
X: 0.49999999999999956, Y: 0.37999999999999956
Training Loss: 245136372.0960
X: -0.5, Y: 0.4199999999999995
Training Loss: 523657.9310
X: -0.46, Y: 0.4199999999999995
Training Loss: 126417.2477
X: -0.42000000000000004, Y: 0.4199999999999995
Training Loss: 37822.5613
X: -0.38000000000000006, Y: 0.4199999999999995
Training Loss: 20455.0828
X: -0.3400000000000001, Y: 0.4199999999999995
Training Loss: 18456.8573
X: -0.3000000000000001, Y: 0.4199999999999995
Training Loss: 17724.8901
X: -0.2600000000000001, Y: 0.4199999999999995
Training Loss: 14189.1928
X: -0.22000000000000014, Y: 0.4199999999999995
Training Loss: 10447.3612
X: -0.18000000000000016, Y: 0.4199999999999995
Training Loss: 8814.8731
X: -0.14000000000000018, Y: 0.4199999999999995
Training Loss: 8116.0779
X: -0.1000000000000002, Y: 0.4199999999999995
Training Loss: 11144.8190
X: -0.06000000000000022, Y: 0.4199999999999995
Training Loss: 19200.4939
X: -0.02000000000000024, Y: 0.4199999999999995
Training Loss: 29443.4324
X: 0.019999999999999796, Y: 0.4199999999999995
Training Loss: 44497.7185
X: 0.05999999999999972, Y: 0.4199999999999995
Training Loss: 68418.0258
X: 0.09999999999999964, Y: 0.4199999999999995
Training Loss: 110038.3358
X: 0.13999999999999968, Y: 0.4199999999999995
Training Loss: 124333.5507
X: 0.17999999999999972, Y: 0.4199999999999995
Training Loss: 173163.4346
X: 0.21999999999999964, Y: 0.4199999999999995
Training Loss: 392343.3025
X: 0.25999999999999956, Y: 0.4199999999999995
Training Loss: 934662.6160
X: 0.2999999999999996, Y: 0.4199999999999995
Training Loss: 2599886.3300
X: 0.33999999999999964, Y: 0.4199999999999995
Training Loss: 7702485.2080
X: 0.37999999999999956, Y: 0.4199999999999995
Training Loss: 26219527.3920
X: 0.4199999999999995, Y: 0.4199999999999995
Training Loss: 89829397.9520
X: 0.4599999999999995, Y: 0.4199999999999995
Training Loss: 288909499.0080
X: 0.49999999999999956, Y: 0.4199999999999995
Training Loss: 985329036.0320
X: -0.5, Y: 0.4599999999999995
Training Loss: 2345768.3240
X: -0.46, Y: 0.4599999999999995
Training Loss: 534904.2290
X: -0.42000000000000004, Y: 0.4599999999999995
Training Loss: 237296.9983
X: -0.38000000000000006, Y: 0.4599999999999995
Training Loss: 145171.2939
X: -0.3400000000000001, Y: 0.4599999999999995
Training Loss: 115398.3622
X: -0.3000000000000001, Y: 0.4599999999999995
Training Loss: 88044.9916
X: -0.2600000000000001, Y: 0.4599999999999995
Training Loss: 60857.6464
X: -0.22000000000000014, Y: 0.4599999999999995
Training Loss: 42271.8348
X: -0.18000000000000016, Y: 0.4599999999999995
Training Loss: 32234.2796
X: -0.14000000000000018, Y: 0.4599999999999995
Training Loss: 39892.9830
X: -0.1000000000000002, Y: 0.4599999999999995
Training Loss: 60024.1128
X: -0.06000000000000022, Y: 0.4599999999999995
Training Loss: 96802.7554
X: -0.02000000000000024, Y: 0.4599999999999995
Training Loss: 130299.5973
X: 0.019999999999999796, Y: 0.4599999999999995
Training Loss: 193654.8402
X: 0.05999999999999972, Y: 0.4599999999999995
Training Loss: 417418.6213
X: 0.09999999999999964, Y: 0.4599999999999995
Training Loss: 662026.0695
X: 0.13999999999999968, Y: 0.4599999999999995
Training Loss: 740605.5185
X: 0.17999999999999972, Y: 0.4599999999999995
Training Loss: 768378.2805
X: 0.21999999999999964, Y: 0.4599999999999995
Training Loss: 1548510.2985
X: 0.25999999999999956, Y: 0.4599999999999995
Training Loss: 3616262.7850
X: 0.2999999999999996, Y: 0.4599999999999995
Training Loss: 10401656.3920
X: 0.33999999999999964, Y: 0.4599999999999995
Training Loss: 32560045.6960
X: 0.37999999999999956, Y: 0.4599999999999995
Training Loss: 113094276.9920
X: 0.4199999999999995, Y: 0.4599999999999995
Training Loss: 345509468.4160
X: 0.4599999999999995, Y: 0.4599999999999995
Training Loss: 1082818199.8080
X: 0.49999999999999956, Y: 0.4599999999999995
Training Loss: 4173883431.9360
X: -0.5, Y: 0.49999999999999956
Training Loss: 13505865.2880
X: -0.46, Y: 0.49999999999999956
Training Loss: 4488724.3080
X: -0.42000000000000004, Y: 0.49999999999999956
Training Loss: 1973171.2960
X: -0.38000000000000006, Y: 0.49999999999999956
Training Loss: 1211638.4165
X: -0.3400000000000001, Y: 0.49999999999999956
Training Loss: 753872.9145
X: -0.3000000000000001, Y: 0.49999999999999956
Training Loss: 498600.2168
X: -0.2600000000000001, Y: 0.49999999999999956
Training Loss: 292610.0301
X: -0.22000000000000014, Y: 0.49999999999999956
Training Loss: 196777.0765
X: -0.18000000000000016, Y: 0.49999999999999956
Training Loss: 195960.7760
X: -0.14000000000000018, Y: 0.49999999999999956
Training Loss: 223941.7013
X: -0.1000000000000002, Y: 0.49999999999999956
Training Loss: 229335.2769
X: -0.06000000000000022, Y: 0.49999999999999956
Training Loss: 327411.9305
X: -0.02000000000000024, Y: 0.49999999999999956
Training Loss: 525499.3200
X: 0.019999999999999796, Y: 0.49999999999999956
Training Loss: 872082.5745
X: 0.05999999999999972, Y: 0.49999999999999956
Training Loss: 1837055.8550
X: 0.09999999999999964, Y: 0.49999999999999956
Training Loss: 3038028.3120
X: 0.13999999999999968, Y: 0.49999999999999956
Training Loss: 4060086.2460
X: 0.17999999999999972, Y: 0.49999999999999956
Training Loss: 5063487.5940
X: 0.21999999999999964, Y: 0.49999999999999956
Training Loss: 6611495.2820
X: 0.25999999999999956, Y: 0.49999999999999956
Training Loss: 12849121.0800
X: 0.2999999999999996, Y: 0.49999999999999956
Training Loss: 35952134.2720
X: 0.33999999999999964, Y: 0.49999999999999956
Training Loss: 118038119.4240
X: 0.37999999999999956, Y: 0.49999999999999956
Training Loss: 440205276.4160
X: 0.4199999999999995, Y: 0.49999999999999956
Training Loss: 1382113950.2080
X: 0.4599999999999995, Y: 0.49999999999999956
Training Loss: 5852704952.3200
X: 0.49999999999999956, Y: 0.49999999999999956
Training Loss: 23864547393.5360
Saved to runs/12_epochs_from_-9_to_10_with_0.75ss-22_36_12_7_2022/new_data_ResNet_Random_Directions_random.ply
